#
# A fatal error has been detected by the Java Runtime Environment:
#
#  EXCEPTION_ACCESS_VIOLATION (0xc0000005) at pc=0x00007ffc3ecde0a9, pid=6184, tid=5392
#
# JRE version: OpenJDK Runtime Environment Microsoft-8035246 (17.0.8+7) (build 17.0.8+7-LTS)
# Java VM: OpenJDK 64-Bit Server VM Microsoft-8035246 (17.0.8+7-LTS, mixed mode, sharing, tiered, compressed oops, compressed class ptrs, g1 gc, windows-amd64)
# Problematic frame:
# V  [jvm.dll+0x2be0a9]
#
# No core dump will be written. Minidumps are not enabled by default on client versions of Windows
#
# If you would like to submit a bug report, please visit:
#   https://github.com/microsoft/openjdk/issues
#

---------------  S U M M A R Y ------------

Command Line: -XX:MaxMetaspaceSize=512m --add-opens=java.base/java.util=ALL-UNNAMED --add-opens=java.base/java.lang=ALL-UNNAMED --add-opens=java.base/java.lang.invoke=ALL-UNNAMED --add-opens=java.prefs/java.util.prefs=ALL-UNNAMED --add-opens=java.base/java.nio.charset=ALL-UNNAMED --add-opens=java.base/java.net=ALL-UNNAMED --add-opens=java.base/java.util.concurrent.atomic=ALL-UNNAMED -Xmx2048m -Dfile.encoding=windows-1252 -Duser.country=US -Duser.language=en -Duser.variant -javaagent:C:\Users\Itoasis\.gradle\wrapper\dists\gradle-8.8-all\6gdy1pgp427xkqcjbxw3ylt6h\gradle-8.8\lib\agents\gradle-instrumentation-agent-8.8.jar org.gradle.launcher.daemon.bootstrap.GradleDaemon 8.8

Host: Intel(R) Core(TM) i5-6200U CPU @ 2.30GHz, 4 cores, 7G,  Windows 10 , 64 bit Build 19041 (10.0.19041.4957)
Time: Thu Oct 17 16:38:47 2024 Pakistan Standard Time elapsed time: 70.902733 seconds (0d 0h 1m 10s)

---------------  T H R E A D  ---------------

Current thread (0x0000017d1cb6f9d0):  JavaThread "C2 CompilerThread1" daemon [_thread_in_native, id=5392, stack(0x00000043a7c00000,0x00000043a7d00000)]


Current CompileTask:
C2:  70902 12919       4       org.gradle.cache.internal.ExclusiveCacheAccessingWorker$1::call (10 bytes)

Stack: [0x00000043a7c00000,0x00000043a7d00000],  sp=0x00000043a7cfb480,  free space=1005k
Native frames: (J=compiled Java code, j=interpreted, Vv=VM code, C=native code)
V  [jvm.dll+0x2be0a9]
V  [jvm.dll+0x21ba8b]
V  [jvm.dll+0x21944b]
V  [jvm.dll+0x1a56b6]
V  [jvm.dll+0x2291ea]
V  [jvm.dll+0x22724c]
V  [jvm.dll+0x7efd0c]
V  [jvm.dll+0x7ea13a]
V  [jvm.dll+0x67ad85]
C  [ucrtbase.dll+0x21bb2]
C  [KERNEL32.DLL+0x17374]
C  [ntdll.dll+0x4cc91]


siginfo: EXCEPTION_ACCESS_VIOLATION (0xc0000005), reading address 0x0000000000000028


Register to memory mapping:

RIP=0x00007ffc3ecde0a9 jvm.dll
RAX=0x0000017d1e6f82e0 points into unknown readable memory: 0x0000000000000000 | 00 00 00 00 00 00 00 00
RBX=0x000000000000180b is an unknown value
RCX=0x0 is NULL
RDX=0x0 is NULL
RSP=0x00000043a7cfb480 is pointing into the stack for thread: 0x0000017d1cb6f9d0
RBP=0x00000043a7cfb4f0 is pointing into the stack for thread: 0x0000017d1cb6f9d0
RSI=0x0 is NULL
RDI=0x0000000000000048 is an unknown value
R8 =0x000000000000ffe0 is an unknown value
R9 =0x0 is NULL
R10=0x00007ffc99330000 VCRUNTIME140.dll
R11=0x0000017d1e6f8300 points into unknown readable memory: 0x0000000000000000 | 00 00 00 00 00 00 00 00
R12=0x0000000000000050 is an unknown value
R13=0x0 is NULL
R14=0x0 is NULL
R15=0x00000043a7cfe6a0 is pointing into the stack for thread: 0x0000017d1cb6f9d0


Registers:
RAX=0x0000017d1e6f82e0, RBX=0x000000000000180b, RCX=0x0000000000000000, RDX=0x0000000000000000
RSP=0x00000043a7cfb480, RBP=0x00000043a7cfb4f0, RSI=0x0000000000000000, RDI=0x0000000000000048
R8 =0x000000000000ffe0, R9 =0x0000000000000000, R10=0x00007ffc99330000, R11=0x0000017d1e6f8300
R12=0x0000000000000050, R13=0x0000000000000000, R14=0x0000000000000000, R15=0x00000043a7cfe6a0
RIP=0x00007ffc3ecde0a9, EFLAGS=0x0000000000010202

Top of Stack: (sp=0x00000043a7cfb480)
0x00000043a7cfb480:   000000000000180b 0000000000000000
0x00000043a7cfb490:   00000043a7cfe6a0 00007ffc3ec438d1
0x00000043a7cfb4a0:   0000017d1e417a40 00007ffc00002000
0x00000043a7cfb4b0:   0000017d1e6f82e0 0000000000000000
0x00000043a7cfb4c0:   0000000000000002 0000017d1f6f1bb0
0x00000043a7cfb4d0:   0000000000000002 0000017d1e417a40
0x00000043a7cfb4e0:   0000000000000000 0000000000000000
0x00000043a7cfb4f0:   0000017d1bcfc6f0 0000017d5b28a1e0
0x00000043a7cfb500:   0000000000000048 00007ffc3f364c08
0x00000043a7cfb510:   00000043a7cfb620 00007ffc3ec3ba8b
0x00000043a7cfb520:   00000043a7cfe6a0 00007ffc3f364c08
0x00000043a7cfb530:   00000043a7cfe6a0 00000043a7cfb620
0x00000043a7cfb540:   0000004300000000 00000043a7cff200
0x00000043a7cfb550:   000000430000000f 00000043a7cfe6a0
0x00000043a7cfb560:   00000043a7cfb6d0 00007ffc00000000
0x00000043a7cfb570:   0000017d00000100 00007ffc3f364c08 

Instructions: (pc=0x00007ffc3ecde0a9)
0x00007ffc3ecddfa9:   3b d0 75 0b ff c1 41 3b c9 7c dc 48 8b c2 c3 33
0x00007ffc3ecddfb9:   c0 c3 cc cc cc cc cc 48 89 5c 24 18 55 56 57 41
0x00007ffc3ecddfc9:   55 41 57 48 8b ec 48 83 ec 70 65 48 8b 04 25 58
0x00007ffc3ecddfd9:   00 00 00 48 8b f2 44 8b 05 d2 8b 90 00 4c 8b f9
0x00007ffc3ecddfe9:   4a 8b 1c c0 b8 50 00 00 00 80 3c 18 00 75 05 e8
0x00007ffc3ecddff9:   8b 6f 5d 00 b8 20 00 00 00 48 8b 04 18 48 8b 98
0x00007ffc3ecde009:   38 02 00 00 48 89 5d b0 c7 45 b8 04 00 00 00 48
0x00007ffc3ecde019:   8b 43 18 48 83 f8 df 76 18 4c 8d 05 37 a9 65 00
0x00007ffc3ecde029:   ba 20 00 00 00 48 8b cb e8 5a eb de ff 48 8b 43
0x00007ffc3ecde039:   18 48 8d 48 20 48 3b 4b 20 76 11 45 33 c0 48 8b
0x00007ffc3ecde049:   cb 41 8d 50 20 e8 fd e8 de ff eb 04 48 89 4b 18
0x00007ffc3ecde059:   44 8b 45 b8 33 d2 49 c1 e0 03 48 8b c8 48 89 45
0x00007ffc3ecde069:   c0 e8 e3 80 5d 00 45 33 ed 48 8d 4d d0 44 89 6d
0x00007ffc3ecde079:   c8 e8 01 59 56 00 41 8b 9f 40 02 00 00 41 2b 9f
0x00007ffc3ecde089:   68 02 00 00 44 89 6d f0 3b 5d b8 72 0b 8b d3 48
0x00007ffc3ecde099:   8d 4d b0 e8 6f b3 39 00 48 8b 45 c0 4c 89 2c d8
0x00007ffc3ecde0a9:   8b 7e 28 8b df c1 eb 05 3b 5d d0 72 0b 8b d3 48
0x00007ffc3ecde0b9:   8d 4d d0 e8 1f 59 56 00 48 8b 45 d8 83 e7 1f 48
0x00007ffc3ecde0c9:   8d 14 98 40 0f b6 cf 41 b8 01 00 00 00 41 d3 e0
0x00007ffc3ecde0d9:   8b 0a 8b c1 41 0b c0 89 02 41 85 c8 75 21 8b 5d
0x00007ffc3ecde0e9:   c8 8d 43 01 89 45 c8 3b 5d b8 72 0b 8b d3 48 8d
0x00007ffc3ecde0f9:   4d b0 e8 10 b3 39 00 48 8b 45 c0 48 89 34 d8 44
0x00007ffc3ecde109:   39 6d c8 0f 86 77 01 00 00 4c 89 a4 24 a0 00 00
0x00007ffc3ecde119:   00 4c 89 b4 24 a8 00 00 00 48 8b 45 c0 41 8b cd
0x00007ffc3ecde129:   48 8b 34 c8 8b 46 2c 25 ff 1f 00 00 3d 04 10 00
0x00007ffc3ecde139:   00 0f 85 a7 00 00 00 bb 01 00 00 00 39 5e 18 76
0x00007ffc3ecde149:   39 66 0f 1f 44 00 00 48 8b 46 08 8b cb 48 8b 14
0x00007ffc3ecde159:   c8 48 85 d2 74 1d 48 83 7a 10 00 74 16 80 7a 2c
0x00007ffc3ecde169:   84 74 10 e8 7f 7e ee ff 48 8b d0 49 8b cf e8 a4
0x00007ffc3ecde179:   61 f6 ff ff c3 3b 5e 18 72 cd 48 8b 5e 10 8b 46
0x00007ffc3ecde189:   20 4c 8d 34 c3 49 3b de 73 54 48 8b 3b 8b 47 2c
0x00007ffc3ecde199:   83 e0 03 3c 03 75 2e 48 8b 07 48 8b cf ff 90 88 


Stack slot to memory mapping:
stack at sp + 0 slots: 0x000000000000180b is an unknown value
stack at sp + 1 slots: 0x0 is NULL
stack at sp + 2 slots: 0x00000043a7cfe6a0 is pointing into the stack for thread: 0x0000017d1cb6f9d0
stack at sp + 3 slots: 0x00007ffc3ec438d1 jvm.dll
stack at sp + 4 slots: 0x0000017d1e417a40 points into unknown readable memory: 0x6665442f00000006 | 06 00 00 00 2f 44 65 66
stack at sp + 5 slots: 0x00007ffc00002000 is an unknown value
stack at sp + 6 slots: 0x0000017d1e6f82e0 points into unknown readable memory: 0x0000000000000000 | 00 00 00 00 00 00 00 00
stack at sp + 7 slots: 0x0 is NULL


---------------  P R O C E S S  ---------------

Threads class SMR info:
_java_thread_list=0x0000017d1beb6aa0, length=90, elements={
0x0000017d5b273150, 0x0000017d78e157e0, 0x0000017d78e16b10, 0x0000017d78e2db40,
0x0000017d78e2f420, 0x0000017d78e30490, 0x0000017d78e31500, 0x0000017d78e35e50,
0x0000017d78e3c830, 0x0000017d78e49930, 0x0000017d7d058a30, 0x0000017d7d14b930,
0x0000017d7ebc25c0, 0x0000017d7dd35f40, 0x0000017d7e9963b0, 0x0000017d7ea5e100,
0x0000017d7ea4b5a0, 0x0000017d7e9f9940, 0x0000017d7e9fad80, 0x0000017d7e9f9e50,
0x0000017d7e9fa360, 0x0000017d7e9fb290, 0x0000017d7e9fa870, 0x0000017d7e9fc1c0,
0x0000017d7e9f8a10, 0x0000017d7e9fbcb0, 0x0000017d7e9f8f20, 0x0000017d7e9f9430,
0x0000017d1c963fb0, 0x0000017d1c9644c0, 0x0000017d1c9653f0, 0x0000017d1c95fde0,
0x0000017d1c9649d0, 0x0000017d1c9602f0, 0x0000017d1c962150, 0x0000017d1c962b70,
0x0000017d1c964ee0, 0x0000017d1c960800, 0x0000017d1c961730, 0x0000017d1c965e10,
0x0000017d1c966320, 0x0000017d1c960d10, 0x0000017d1c966d40, 0x0000017d1c95f8d0,
0x0000017d1c961c40, 0x0000017d1c967250, 0x0000017d1c962660, 0x0000017d1c963080,
0x0000017d1c963590, 0x0000017d1c963aa0, 0x0000017d7f521b70, 0x0000017d7f522590,
0x0000017d7f51ca70, 0x0000017d7f51e3c0, 0x0000017d7f51f800, 0x0000017d7f522aa0,
0x0000017d7f51f2f0, 0x0000017d7f51fd10, 0x0000017d7f520220, 0x0000017d7f51e8d0,
0x0000017d7f522fb0, 0x0000017d7f521660, 0x0000017d7f520c40, 0x0000017d7f521150,
0x0000017d7f522080, 0x0000017d7f5234c0, 0x0000017d7f51c050, 0x0000017d7f51d490,
0x0000017d7f51d9a0, 0x0000017d7f5239d0, 0x0000017d7f51c560, 0x0000017d7f51cf80,
0x0000017d7f51deb0, 0x0000017d1be76130, 0x0000017d1be75c20, 0x0000017d1be793d0,
0x0000017d1be77570, 0x0000017d1be7a300, 0x0000017d1be7a810, 0x0000017d1be74cf0,
0x0000017d1be7b740, 0x0000017d1be7bc50, 0x0000017d1be7ad20, 0x0000017d1be77060,
0x0000017d1be77a80, 0x0000017d1be78ec0, 0x0000017d1be76640, 0x0000017d1be7c160,
0x0000017d1be789b0, 0x0000017d1cb6f9d0
}

Java Threads: ( => current thread )
  0x0000017d5b273150 JavaThread "main" [_thread_blocked, id=7096, stack(0x00000043a7e00000,0x00000043a7f00000)]
  0x0000017d78e157e0 JavaThread "Reference Handler" daemon [_thread_blocked, id=5504, stack(0x00000043a8500000,0x00000043a8600000)]
  0x0000017d78e16b10 JavaThread "Finalizer" daemon [_thread_blocked, id=4228, stack(0x00000043a8600000,0x00000043a8700000)]
  0x0000017d78e2db40 JavaThread "Signal Dispatcher" daemon [_thread_blocked, id=1232, stack(0x00000043a8700000,0x00000043a8800000)]
  0x0000017d78e2f420 JavaThread "Attach Listener" daemon [_thread_blocked, id=13492, stack(0x00000043a8800000,0x00000043a8900000)]
  0x0000017d78e30490 JavaThread "Service Thread" daemon [_thread_blocked, id=2580, stack(0x00000043a8900000,0x00000043a8a00000)]
  0x0000017d78e31500 JavaThread "Monitor Deflation Thread" daemon [_thread_blocked, id=14932, stack(0x00000043a8a00000,0x00000043a8b00000)]
  0x0000017d78e35e50 JavaThread "C2 CompilerThread0" daemon [_thread_in_native, id=13380, stack(0x00000043a8b00000,0x00000043a8c00000)]
  0x0000017d78e3c830 JavaThread "C1 CompilerThread0" daemon [_thread_blocked, id=1308, stack(0x00000043a8c00000,0x00000043a8d00000)]
  0x0000017d78e49930 JavaThread "Sweeper thread" daemon [_thread_blocked, id=15220, stack(0x00000043a8d00000,0x00000043a8e00000)]
  0x0000017d7d058a30 JavaThread "Common-Cleaner" daemon [_thread_blocked, id=17180, stack(0x00000043a8e00000,0x00000043a8f00000)]
  0x0000017d7d14b930 JavaThread "Notification Thread" daemon [_thread_blocked, id=900, stack(0x00000043a8f00000,0x00000043a9000000)]
  0x0000017d7ebc25c0 JavaThread "Daemon health stats" [_thread_blocked, id=4180, stack(0x00000043a9500000,0x00000043a9600000)]
  0x0000017d7dd35f40 JavaThread "Incoming local TCP Connector on port 54373" [_thread_in_native, id=11476, stack(0x00000043a9300000,0x00000043a9400000)]
  0x0000017d7e9963b0 JavaThread "Daemon periodic checks" [_thread_blocked, id=11460, stack(0x00000043a9600000,0x00000043a9700000)]
  0x0000017d7ea5e100 JavaThread "Daemon" [_thread_blocked, id=14708, stack(0x00000043a9700000,0x00000043a9800000)]
  0x0000017d7ea4b5a0 JavaThread "Handler for socket connection from /127.0.0.1:54373 to /127.0.0.1:54374" [_thread_in_native, id=5224, stack(0x00000043a9800000,0x00000043a9900000)]
  0x0000017d7e9f9940 JavaThread "Cancel handler" [_thread_blocked, id=3940, stack(0x00000043a9900000,0x00000043a9a00000)]
  0x0000017d7e9fad80 JavaThread "Daemon worker" [_thread_blocked, id=1568, stack(0x00000043a9a00000,0x00000043a9b00000)]
  0x0000017d7e9f9e50 JavaThread "Asynchronous log dispatcher for DefaultDaemonConnection: socket connection from /127.0.0.1:54373 to /127.0.0.1:54374" [_thread_blocked, id=640, stack(0x00000043a9b00000,0x00000043a9c00000)]
  0x0000017d7e9fa360 JavaThread "Stdin handler" [_thread_blocked, id=16968, stack(0x00000043a9c00000,0x00000043a9d00000)]
  0x0000017d7e9fb290 JavaThread "Daemon client event forwarder" [_thread_blocked, id=9744, stack(0x00000043a9d00000,0x00000043a9e00000)]
  0x0000017d7e9fa870 JavaThread "Cache worker for journal cache (C:\Users\Itoasis\.gradle\caches\journal-1)" [_thread_blocked, id=16944, stack(0x00000043a9e00000,0x00000043a9f00000)]
  0x0000017d7e9fc1c0 JavaThread "File lock request listener" [_thread_in_native, id=4636, stack(0x00000043a9f00000,0x00000043aa000000)]
  0x0000017d7e9f8a10 JavaThread "Cache worker for file hash cache (C:\Users\Itoasis\.gradle\caches\8.8\fileHashes)" [_thread_in_native, id=10536, stack(0x00000043aa000000,0x00000043aa100000)]
  0x0000017d7e9fbcb0 JavaThread "Cache worker for file hash cache (D:\Github\UKSica\android\.gradle\8.8\fileHashes)" [_thread_blocked, id=3780, stack(0x00000043aa100000,0x00000043aa200000)]
  0x0000017d7e9f8f20 JavaThread "File watcher server" daemon [_thread_in_native, id=14416, stack(0x00000043aa300000,0x00000043aa400000)]
  0x0000017d7e9f9430 JavaThread "File watcher consumer" daemon [_thread_blocked, id=8532, stack(0x00000043aa400000,0x00000043aa500000)]
  0x0000017d1c963fb0 JavaThread "Cache worker for checksums cache (D:\Github\UKSica\android\.gradle\8.8\checksums)" [_thread_blocked, id=12176, stack(0x00000043aa200000,0x00000043aa300000)]
  0x0000017d1c9644c0 JavaThread "Cache worker for file content cache (C:\Users\Itoasis\.gradle\caches\8.8\fileContent)" [_thread_blocked, id=5728, stack(0x00000043aa500000,0x00000043aa600000)]
  0x0000017d1c9653f0 JavaThread "Cache worker for cache directory md-rule (C:\Users\Itoasis\.gradle\caches\8.8\md-rule)" [_thread_blocked, id=14268, stack(0x00000043aa600000,0x00000043aa700000)]
  0x0000017d1c95fde0 JavaThread "Cache worker for cache directory md-supplier (C:\Users\Itoasis\.gradle\caches\8.8\md-supplier)" [_thread_blocked, id=9648, stack(0x00000043aa800000,0x00000043aa900000)]
  0x0000017d1c9649d0 JavaThread "jar transforms" [_thread_blocked, id=7800, stack(0x00000043aa900000,0x00000043aaa00000)]
  0x0000017d1c9602f0 JavaThread "Unconstrained build operations" [_thread_blocked, id=3176, stack(0x00000043aab00000,0x00000043aac00000)]
  0x0000017d1c962150 JavaThread "Unconstrained build operations Thread 2" [_thread_blocked, id=6120, stack(0x00000043aac00000,0x00000043aad00000)]
  0x0000017d1c962b70 JavaThread "Unconstrained build operations Thread 3" [_thread_blocked, id=16520, stack(0x00000043aad00000,0x00000043aae00000)]
  0x0000017d1c964ee0 JavaThread "Unconstrained build operations Thread 4" [_thread_blocked, id=1424, stack(0x00000043aae00000,0x00000043aaf00000)]
  0x0000017d1c960800 JavaThread "Unconstrained build operations Thread 5" [_thread_blocked, id=6096, stack(0x00000043aaf00000,0x00000043ab000000)]
  0x0000017d1c961730 JavaThread "Unconstrained build operations Thread 6" [_thread_blocked, id=7172, stack(0x00000043ab000000,0x00000043ab100000)]
  0x0000017d1c965e10 JavaThread "Cache worker for Build Output Cleanup Cache (D:\Github\UKSica\node_modules\@react-native\gradle-plugin\.gradle\buildOutputCleanup)" [_thread_blocked, id=10040, stack(0x00000043ab100000,0x00000043ab200000)]
  0x0000017d1c966320 JavaThread "Unconstrained build operations Thread 7" [_thread_blocked, id=14404, stack(0x00000043ab200000,0x00000043ab300000)]
  0x0000017d1c960d10 JavaThread "Unconstrained build operations Thread 8" [_thread_blocked, id=17368, stack(0x00000043ab300000,0x00000043ab400000)]
  0x0000017d1c966d40 JavaThread "Unconstrained build operations Thread 9" [_thread_blocked, id=14456, stack(0x00000043ab400000,0x00000043ab500000)]
  0x0000017d1c95f8d0 JavaThread "Unconstrained build operations Thread 10" [_thread_blocked, id=10584, stack(0x00000043ab500000,0x00000043ab600000)]
  0x0000017d1c961c40 JavaThread "Unconstrained build operations Thread 11" [_thread_blocked, id=15128, stack(0x00000043ab600000,0x00000043ab700000)]
  0x0000017d1c967250 JavaThread "Unconstrained build operations Thread 12" [_thread_blocked, id=2560, stack(0x00000043ab700000,0x00000043ab800000)]
  0x0000017d1c962660 JavaThread "Unconstrained build operations Thread 13" [_thread_blocked, id=492, stack(0x00000043ab800000,0x00000043ab900000)]
  0x0000017d1c963080 JavaThread "Unconstrained build operations Thread 14" [_thread_blocked, id=15624, stack(0x00000043ab900000,0x00000043aba00000)]
  0x0000017d1c963590 JavaThread "Unconstrained build operations Thread 15" [_thread_blocked, id=8136, stack(0x00000043aba00000,0x00000043abb00000)]
  0x0000017d1c963aa0 JavaThread "Memory manager" [_thread_blocked, id=4764, stack(0x00000043aa700000,0x00000043aa800000)]
  0x0000017d7f521b70 JavaThread "build event listener" [_thread_blocked, id=13404, stack(0x00000043abb00000,0x00000043abc00000)]
  0x0000017d7f522590 JavaThread "ForkJoinPool.commonPool-worker-1" daemon [_thread_blocked, id=6896, stack(0x00000043abd00000,0x00000043abe00000)]
  0x0000017d7f51ca70 JavaThread "ForkJoinPool.commonPool-worker-2" daemon [_thread_blocked, id=13520, stack(0x00000043abe00000,0x00000043abf00000)]
  0x0000017d7f51e3c0 JavaThread "ForkJoinPool.commonPool-worker-3" daemon [_thread_blocked, id=12332, stack(0x00000043abf00000,0x00000043ac000000)]
  0x0000017d7f51f800 JavaThread "included builds" [_thread_blocked, id=1612, stack(0x00000043ac000000,0x00000043ac100000)]
  0x0000017d7f522aa0 JavaThread "Execution worker" [_thread_blocked, id=12720, stack(0x00000043ac100000,0x00000043ac200000)]
  0x0000017d7f51f2f0 JavaThread "Execution worker Thread 2" [_thread_blocked, id=17272, stack(0x00000043ac200000,0x00000043ac300000)]
  0x0000017d7f51fd10 JavaThread "Execution worker Thread 3" [_thread_blocked, id=6376, stack(0x00000043ac300000,0x00000043ac400000)]
  0x0000017d7f520220 JavaThread "Cache worker for execution history cache (D:\Github\UKSica\node_modules\@react-native\gradle-plugin\.gradle\8.8\executionHistory)" [_thread_blocked, id=3988, stack(0x00000043ac400000,0x00000043ac500000)]
  0x0000017d7f51e8d0 JavaThread "Unconstrained build operations Thread 16" [_thread_in_native, id=11060, stack(0x00000043ac500000,0x00000043ac600000)]
  0x0000017d7f522fb0 JavaThread "Unconstrained build operations Thread 17" [_thread_blocked, id=5412, stack(0x00000043ac600000,0x00000043ac700000)]
  0x0000017d7f521660 JavaThread "Unconstrained build operations Thread 18" [_thread_blocked, id=11412, stack(0x00000043ac700000,0x00000043ac800000)]
  0x0000017d7f520c40 JavaThread "Unconstrained build operations Thread 19" [_thread_blocked, id=12496, stack(0x00000043ac800000,0x00000043ac900000)]
  0x0000017d7f521150 JavaThread "Unconstrained build operations Thread 20" [_thread_in_native, id=13168, stack(0x00000043ac900000,0x00000043aca00000)]
  0x0000017d7f522080 JavaThread "Unconstrained build operations Thread 21" [_thread_in_Java, id=12336, stack(0x00000043aca00000,0x00000043acb00000)]
  0x0000017d7f5234c0 JavaThread "Unconstrained build operations Thread 22" [_thread_blocked, id=3740, stack(0x00000043acb00000,0x00000043acc00000)]
  0x0000017d7f51c050 JavaThread "Unconstrained build operations Thread 23" [_thread_blocked, id=16272, stack(0x00000043acc00000,0x00000043acd00000)]
  0x0000017d7f51d490 JavaThread "Unconstrained build operations Thread 24" [_thread_blocked, id=10672, stack(0x00000043acd00000,0x00000043ace00000)]
  0x0000017d7f51d9a0 JavaThread "Unconstrained build operations Thread 25" [_thread_blocked, id=16332, stack(0x00000043ace00000,0x00000043acf00000)]
  0x0000017d7f5239d0 JavaThread "Unconstrained build operations Thread 26" [_thread_blocked, id=4528, stack(0x00000043acf00000,0x00000043ad000000)]
  0x0000017d7f51c560 JavaThread "Unconstrained build operations Thread 27" [_thread_blocked, id=724, stack(0x00000043ad000000,0x00000043ad100000)]
  0x0000017d7f51cf80 JavaThread "Unconstrained build operations Thread 28" [_thread_blocked, id=14224, stack(0x00000043ad100000,0x00000043ad200000)]
  0x0000017d7f51deb0 JavaThread "Unconstrained build operations Thread 29" [_thread_blocked, id=6700, stack(0x00000043ad200000,0x00000043ad300000)]
  0x0000017d1be76130 JavaThread "Unconstrained build operations Thread 30" [_thread_blocked, id=16060, stack(0x00000043ad300000,0x00000043ad400000)]
  0x0000017d1be75c20 JavaThread "Unconstrained build operations Thread 31" [_thread_blocked, id=9104, stack(0x00000043ad400000,0x00000043ad500000)]
  0x0000017d1be793d0 JavaThread "Unconstrained build operations Thread 32" [_thread_blocked, id=15092, stack(0x00000043ad500000,0x00000043ad600000)]
  0x0000017d1be77570 JavaThread "Unconstrained build operations Thread 33" [_thread_blocked, id=4420, stack(0x00000043ad600000,0x00000043ad700000)]
  0x0000017d1be7a300 JavaThread "Unconstrained build operations Thread 34" [_thread_blocked, id=5848, stack(0x00000043ad700000,0x00000043ad800000)]
  0x0000017d1be7a810 JavaThread "Unconstrained build operations Thread 35" [_thread_blocked, id=13256, stack(0x00000043ad800000,0x00000043ad900000)]
  0x0000017d1be74cf0 JavaThread "Unconstrained build operations Thread 36" [_thread_blocked, id=16936, stack(0x00000043ad900000,0x00000043ada00000)]
  0x0000017d1be7b740 JavaThread "jar transforms Thread 2" [_thread_blocked, id=16864, stack(0x00000043ada00000,0x00000043adb00000)]
  0x0000017d1be7bc50 JavaThread "Cache worker for Build Output Cleanup Cache (D:\Github\UKSica\android\.gradle\buildOutputCleanup)" [_thread_blocked, id=3228, stack(0x00000043add00000,0x00000043ade00000)]
  0x0000017d1be7ad20 JavaThread "jar transforms Thread 3" [_thread_blocked, id=16716, stack(0x00000043ade00000,0x00000043adf00000)]
  0x0000017d1be77060 JavaThread "Unconstrained build operations Thread 37" [_thread_blocked, id=14400, stack(0x00000043adf00000,0x00000043ae000000)]
  0x0000017d1be77a80 JavaThread "Unconstrained build operations Thread 38" [_thread_blocked, id=14972, stack(0x00000043ae000000,0x00000043ae100000)]
  0x0000017d1be78ec0 JavaThread "Unconstrained build operations Thread 39" [_thread_blocked, id=8828, stack(0x00000043ae100000,0x00000043ae200000)]
  0x0000017d1be76640 JavaThread "Unconstrained build operations Thread 40" [_thread_blocked, id=11944, stack(0x00000043ae200000,0x00000043ae300000)]
  0x0000017d1be7c160 JavaThread "jar transforms Thread 4" [_thread_blocked, id=15656, stack(0x00000043adc00000,0x00000043add00000)]
  0x0000017d1be789b0 JavaThread "build event listener" [_thread_blocked, id=16492, stack(0x00000043a7b00000,0x00000043a7c00000)]
=>0x0000017d1cb6f9d0 JavaThread "C2 CompilerThread1" daemon [_thread_in_native, id=5392, stack(0x00000043a7c00000,0x00000043a7d00000)]

Other Threads:
  0x0000017d78e0f610 VMThread "VM Thread" [stack: 0x00000043a8400000,0x00000043a8500000] [id=15080]
  0x0000017d7d1c7ff0 WatcherThread [stack: 0x00000043a9000000,0x00000043a9100000] [id=9816]
  0x0000017d5b2d23a0 GCTaskThread "GC Thread#0" [stack: 0x00000043a7f00000,0x00000043a8000000] [id=5916]
  0x0000017d7d290430 GCTaskThread "GC Thread#1" [stack: 0x00000043a9100000,0x00000043a9200000] [id=16096]
  0x0000017d7d2906f0 GCTaskThread "GC Thread#2" [stack: 0x00000043a9200000,0x00000043a9300000] [id=3456]
  0x0000017d7d3241c0 GCTaskThread "GC Thread#3" [stack: 0x00000043a9400000,0x00000043a9500000] [id=9660]
  0x0000017d5b2e3100 ConcurrentGCThread "G1 Main Marker" [stack: 0x00000043a8000000,0x00000043a8100000] [id=14032]
  0x0000017d5b2e40c0 ConcurrentGCThread "G1 Conc#0" [stack: 0x00000043a8100000,0x00000043a8200000] [id=15804]
  0x0000017d5b327eb0 ConcurrentGCThread "G1 Refine#0" [stack: 0x00000043a8200000,0x00000043a8300000] [id=10028]
  0x0000017d7fb96100 ConcurrentGCThread "G1 Refine#1" [stack: 0x00000043aaa00000,0x00000043aab00000] [id=12284]
  0x0000017d5b3286f0 ConcurrentGCThread "G1 Service" [stack: 0x00000043a8300000,0x00000043a8400000] [id=14156]

Threads with active compile tasks:
C2 CompilerThread0    71096 12916   !   4       java.util.concurrent.FutureTask::run (123 bytes)
C2 CompilerThread1    71096 12919       4       org.gradle.cache.internal.ExclusiveCacheAccessingWorker$1::call (10 bytes)

VM state: not at safepoint (normal execution)

VM Mutex/Monitor currently owned by a thread: None

Heap address: 0x0000000080000000, size: 2048 MB, Compressed Oops mode: 32-bit

CDS archive(s) mapped at: [0x0000017d00000000-0x0000017d00bd0000-0x0000017d00bd0000), size 12386304, SharedBaseAddress: 0x0000017d00000000, ArchiveRelocationMode: 1.
Compressed class space mapped at: 0x0000017d01000000-0x0000017d1b000000, reserved size: 436207616
Narrow klass base: 0x0000017d00000000, Narrow klass shift: 0, Narrow klass range: 0x100000000

GC Precious Log:
 CPUs: 4 total, 4 available
 Memory: 8095M
 Large Page Support: Disabled
 NUMA Support: Disabled
 Compressed Oops: Enabled (32-bit)
 Heap Region Size: 1M
 Heap Min Capacity: 8M
 Heap Initial Capacity: 128M
 Heap Max Capacity: 2G
 Pre-touch: Disabled
 Parallel Workers: 4
 Concurrent Workers: 1
 Concurrent Refinement Workers: 4
 Periodic GC: Disabled

Heap:
 garbage-first heap   total 224256K, used 131862K [0x0000000080000000, 0x0000000100000000)
  region size 1024K, 6 young (6144K), 3 survivors (3072K)
 Metaspace       used 96650K, committed 97664K, reserved 557056K
  class space    used 13567K, committed 14016K, reserved 425984K

Heap Regions: E=young(eden), S=young(survivor), O=old, HS=humongous(starts), HC=humongous(continues), CS=collection set, F=free, OA=open archive, CA=closed archive, TAMS=top-at-mark-start (previous, next)
|   0|0x0000000080000000, 0x0000000080100000, 0x0000000080100000|100%|HS|  |TAMS 0x0000000080100000, 0x0000000080000000| Complete 
|   1|0x0000000080100000, 0x0000000080200000, 0x0000000080200000|100%|HC|  |TAMS 0x0000000080200000, 0x0000000080100000| Complete 
|   2|0x0000000080200000, 0x0000000080300000, 0x0000000080300000|100%|HC|  |TAMS 0x0000000080300000, 0x0000000080200000| Complete 
|   3|0x0000000080300000, 0x0000000080400000, 0x0000000080400000|100%|HC|  |TAMS 0x0000000080400000, 0x0000000080300000| Complete 
|   4|0x0000000080400000, 0x0000000080500000, 0x0000000080500000|100%| O|  |TAMS 0x0000000080500000, 0x0000000080400000| Untracked 
|   5|0x0000000080500000, 0x0000000080600000, 0x0000000080600000|100%| O|  |TAMS 0x0000000080600000, 0x0000000080500000| Untracked 
|   6|0x0000000080600000, 0x0000000080700000, 0x0000000080700000|100%| O|  |TAMS 0x0000000080700000, 0x0000000080600000| Untracked 
|   7|0x0000000080700000, 0x0000000080800000, 0x0000000080800000|100%| O|  |TAMS 0x0000000080800000, 0x0000000080700000| Untracked 
|   8|0x0000000080800000, 0x0000000080900000, 0x0000000080900000|100%| O|  |TAMS 0x0000000080900000, 0x0000000080800000| Untracked 
|   9|0x0000000080900000, 0x0000000080a00000, 0x0000000080a00000|100%| O|  |TAMS 0x0000000080a00000, 0x0000000080900000| Untracked 
|  10|0x0000000080a00000, 0x0000000080b00000, 0x0000000080b00000|100%| O|  |TAMS 0x0000000080b00000, 0x0000000080a00000| Untracked 
|  11|0x0000000080b00000, 0x0000000080c00000, 0x0000000080c00000|100%|HS|  |TAMS 0x0000000080c00000, 0x0000000080b00000| Complete 
|  12|0x0000000080c00000, 0x0000000080d00000, 0x0000000080d00000|100%| O|  |TAMS 0x0000000080d00000, 0x0000000080c00000| Untracked 
|  13|0x0000000080d00000, 0x0000000080e00000, 0x0000000080e00000|100%| O|  |TAMS 0x0000000080e00000, 0x0000000080d00000| Untracked 
|  14|0x0000000080e00000, 0x0000000080f00000, 0x0000000080f00000|100%| O|  |TAMS 0x0000000080f00000, 0x0000000080e00000| Untracked 
|  15|0x0000000080f00000, 0x0000000081000000, 0x0000000081000000|100%| O|  |TAMS 0x0000000081000000, 0x0000000080f00000| Untracked 
|  16|0x0000000081000000, 0x0000000081100000, 0x0000000081100000|100%| O|  |TAMS 0x0000000081100000, 0x0000000081000000| Untracked 
|  17|0x0000000081100000, 0x0000000081200000, 0x0000000081200000|100%| O|  |TAMS 0x0000000081200000, 0x0000000081100000| Untracked 
|  18|0x0000000081200000, 0x0000000081300000, 0x0000000081300000|100%| O|  |TAMS 0x0000000081300000, 0x0000000081200000| Untracked 
|  19|0x0000000081300000, 0x0000000081400000, 0x0000000081400000|100%| O|  |TAMS 0x0000000081400000, 0x0000000081300000| Untracked 
|  20|0x0000000081400000, 0x0000000081500000, 0x0000000081500000|100%| O|  |TAMS 0x0000000081400000, 0x0000000081400000| Untracked 
|  21|0x0000000081500000, 0x0000000081600000, 0x0000000081600000|100%| O|  |TAMS 0x0000000081600000, 0x0000000081500000| Untracked 
|  22|0x0000000081600000, 0x0000000081700000, 0x0000000081700000|100%| O|  |TAMS 0x0000000081700000, 0x0000000081600000| Untracked 
|  23|0x0000000081700000, 0x0000000081800000, 0x0000000081800000|100%| O|  |TAMS 0x0000000081800000, 0x0000000081700000| Untracked 
|  24|0x0000000081800000, 0x0000000081900000, 0x0000000081900000|100%| O|  |TAMS 0x0000000081900000, 0x0000000081800000| Untracked 
|  25|0x0000000081900000, 0x0000000081a00000, 0x0000000081a00000|100%| O|  |TAMS 0x0000000081a00000, 0x0000000081900000| Untracked 
|  26|0x0000000081a00000, 0x0000000081b00000, 0x0000000081b00000|100%| O|  |TAMS 0x0000000081b00000, 0x0000000081a00000| Untracked 
|  27|0x0000000081b00000, 0x0000000081c00000, 0x0000000081c00000|100%| O|  |TAMS 0x0000000081c00000, 0x0000000081b00000| Untracked 
|  28|0x0000000081c00000, 0x0000000081d00000, 0x0000000081d00000|100%| O|  |TAMS 0x0000000081d00000, 0x0000000081c00000| Untracked 
|  29|0x0000000081d00000, 0x0000000081e00000, 0x0000000081e00000|100%| O|  |TAMS 0x0000000081e00000, 0x0000000081d00000| Untracked 
|  30|0x0000000081e00000, 0x0000000081f00000, 0x0000000081f00000|100%| O|  |TAMS 0x0000000081f00000, 0x0000000081e00000| Untracked 
|  31|0x0000000081f00000, 0x0000000082000000, 0x0000000082000000|100%| O|  |TAMS 0x0000000082000000, 0x0000000081f00000| Untracked 
|  32|0x0000000082000000, 0x0000000082100000, 0x0000000082100000|100%| O|  |TAMS 0x0000000082100000, 0x0000000082000000| Untracked 
|  33|0x0000000082100000, 0x0000000082200000, 0x0000000082200000|100%| O|  |TAMS 0x0000000082200000, 0x0000000082100000| Untracked 
|  34|0x0000000082200000, 0x0000000082300000, 0x0000000082300000|100%| O|  |TAMS 0x0000000082300000, 0x0000000082200000| Untracked 
|  35|0x0000000082300000, 0x0000000082400000, 0x0000000082400000|100%| O|  |TAMS 0x0000000082400000, 0x0000000082300000| Untracked 
|  36|0x0000000082400000, 0x0000000082500000, 0x0000000082500000|100%| O|  |TAMS 0x0000000082500000, 0x0000000082400000| Untracked 
|  37|0x0000000082500000, 0x0000000082600000, 0x0000000082600000|100%| O|  |TAMS 0x0000000082500000, 0x0000000082500000| Untracked 
|  38|0x0000000082600000, 0x0000000082700000, 0x0000000082700000|100%| O|  |TAMS 0x0000000082700000, 0x0000000082600000| Untracked 
|  39|0x0000000082700000, 0x0000000082800000, 0x0000000082800000|100%| O|  |TAMS 0x0000000082800000, 0x0000000082700000| Untracked 
|  40|0x0000000082800000, 0x0000000082900000, 0x0000000082900000|100%| O|  |TAMS 0x0000000082900000, 0x0000000082800000| Untracked 
|  41|0x0000000082900000, 0x0000000082a00000, 0x0000000082a00000|100%| O|  |TAMS 0x0000000082a00000, 0x0000000082900000| Untracked 
|  42|0x0000000082a00000, 0x0000000082b00000, 0x0000000082b00000|100%| O|  |TAMS 0x0000000082a00000, 0x0000000082a00000| Untracked 
|  43|0x0000000082b00000, 0x0000000082c00000, 0x0000000082c00000|100%| O|  |TAMS 0x0000000082c00000, 0x0000000082b00000| Untracked 
|  44|0x0000000082c00000, 0x0000000082d00000, 0x0000000082d00000|100%|HS|  |TAMS 0x0000000082d00000, 0x0000000082c00000| Complete 
|  45|0x0000000082d00000, 0x0000000082e00000, 0x0000000082e00000|100%|HC|  |TAMS 0x0000000082e00000, 0x0000000082d00000| Complete 
|  46|0x0000000082e00000, 0x0000000082f00000, 0x0000000082f00000|100%|HS|  |TAMS 0x0000000082f00000, 0x0000000082e00000| Complete 
|  47|0x0000000082f00000, 0x0000000083000000, 0x0000000083000000|100%|HC|  |TAMS 0x0000000083000000, 0x0000000082f00000| Complete 
|  48|0x0000000083000000, 0x0000000083100000, 0x0000000083100000|100%|HS|  |TAMS 0x0000000083100000, 0x0000000083000000| Complete 
|  49|0x0000000083100000, 0x0000000083200000, 0x0000000083200000|100%|HC|  |TAMS 0x0000000083200000, 0x0000000083100000| Complete 
|  50|0x0000000083200000, 0x0000000083300000, 0x0000000083300000|100%|HC|  |TAMS 0x0000000083300000, 0x0000000083200000| Complete 
|  51|0x0000000083300000, 0x0000000083400000, 0x0000000083400000|100%|HC|  |TAMS 0x0000000083400000, 0x0000000083300000| Complete 
|  52|0x0000000083400000, 0x0000000083500000, 0x0000000083500000|100%|HS|  |TAMS 0x0000000083500000, 0x0000000083400000| Complete 
|  53|0x0000000083500000, 0x0000000083600000, 0x0000000083600000|100%|HC|  |TAMS 0x0000000083600000, 0x0000000083500000| Complete 
|  54|0x0000000083600000, 0x0000000083700000, 0x0000000083700000|100%|HC|  |TAMS 0x0000000083700000, 0x0000000083600000| Complete 
|  55|0x0000000083700000, 0x0000000083800000, 0x0000000083800000|100%|HC|  |TAMS 0x0000000083800000, 0x0000000083700000| Complete 
|  56|0x0000000083800000, 0x0000000083900000, 0x0000000083900000|100%| O|  |TAMS 0x0000000083800000, 0x0000000083800000| Untracked 
|  57|0x0000000083900000, 0x0000000083a00000, 0x0000000083a00000|100%| O|  |TAMS 0x0000000083a00000, 0x0000000083900000| Untracked 
|  58|0x0000000083a00000, 0x0000000083b00000, 0x0000000083b00000|100%| O|  |TAMS 0x0000000083b00000, 0x0000000083a00000| Untracked 
|  59|0x0000000083b00000, 0x0000000083c00000, 0x0000000083c00000|100%| O|  |TAMS 0x0000000083c00000, 0x0000000083b00000| Untracked 
|  60|0x0000000083c00000, 0x0000000083d00000, 0x0000000083d00000|100%| O|  |TAMS 0x0000000083d00000, 0x0000000083c00000| Untracked 
|  61|0x0000000083d00000, 0x0000000083e00000, 0x0000000083e00000|100%| O|  |TAMS 0x0000000083e00000, 0x0000000083d00000| Untracked 
|  62|0x0000000083e00000, 0x0000000083f00000, 0x0000000083f00000|100%| O|  |TAMS 0x0000000083f00000, 0x0000000083e00000| Untracked 
|  63|0x0000000083f00000, 0x0000000084000000, 0x0000000084000000|100%| O|  |TAMS 0x0000000084000000, 0x0000000083f00000| Untracked 
|  64|0x0000000084000000, 0x0000000084100000, 0x0000000084100000|100%| O|  |TAMS 0x0000000084100000, 0x0000000084000000| Untracked 
|  65|0x0000000084100000, 0x0000000084200000, 0x0000000084200000|100%| O|  |TAMS 0x0000000084200000, 0x0000000084100000| Untracked 
|  66|0x0000000084200000, 0x0000000084300000, 0x0000000084300000|100%| O|  |TAMS 0x0000000084300000, 0x0000000084200000| Untracked 
|  67|0x0000000084300000, 0x0000000084400000, 0x0000000084400000|100%| O|  |TAMS 0x0000000084400000, 0x0000000084300000| Untracked 
|  68|0x0000000084400000, 0x0000000084500000, 0x0000000084500000|100%| O|  |TAMS 0x0000000084500000, 0x0000000084400000| Untracked 
|  69|0x0000000084500000, 0x0000000084600000, 0x0000000084600000|100%| O|  |TAMS 0x0000000084600000, 0x0000000084500000| Untracked 
|  70|0x0000000084600000, 0x0000000084700000, 0x0000000084700000|100%| O|  |TAMS 0x0000000084700000, 0x0000000084600000| Untracked 
|  71|0x0000000084700000, 0x0000000084800000, 0x0000000084800000|100%| O|  |TAMS 0x0000000084800000, 0x0000000084700000| Untracked 
|  72|0x0000000084800000, 0x0000000084900000, 0x0000000084900000|100%| O|  |TAMS 0x0000000084900000, 0x0000000084800000| Untracked 
|  73|0x0000000084900000, 0x0000000084a00000, 0x0000000084a00000|100%| O|  |TAMS 0x0000000084a00000, 0x0000000084900000| Untracked 
|  74|0x0000000084a00000, 0x0000000084b00000, 0x0000000084b00000|100%| O|  |TAMS 0x0000000084b00000, 0x0000000084a00000| Untracked 
|  75|0x0000000084b00000, 0x0000000084c00000, 0x0000000084c00000|100%| O|  |TAMS 0x0000000084c00000, 0x0000000084b00000| Untracked 
|  76|0x0000000084c00000, 0x0000000084d00000, 0x0000000084d00000|100%| O|  |TAMS 0x0000000084d00000, 0x0000000084c00000| Untracked 
|  77|0x0000000084d00000, 0x0000000084e00000, 0x0000000084e00000|100%| O|  |TAMS 0x0000000084e00000, 0x0000000084d00000| Untracked 
|  78|0x0000000084e00000, 0x0000000084f00000, 0x0000000084f00000|100%|HS|  |TAMS 0x0000000084f00000, 0x0000000084e00000| Complete 
|  79|0x0000000084f00000, 0x0000000085000000, 0x0000000085000000|100%|HS|  |TAMS 0x0000000085000000, 0x0000000084f00000| Complete 
|  80|0x0000000085000000, 0x0000000085100000, 0x0000000085100000|100%|HS|  |TAMS 0x0000000085100000, 0x0000000085000000| Complete 
|  81|0x0000000085100000, 0x0000000085200000, 0x0000000085200000|100%|HS|  |TAMS 0x0000000085200000, 0x0000000085100000| Complete 
|  82|0x0000000085200000, 0x0000000085300000, 0x0000000085300000|100%| O|  |TAMS 0x0000000085300000, 0x0000000085200000| Untracked 
|  83|0x0000000085300000, 0x0000000085400000, 0x0000000085400000|100%|HS|  |TAMS 0x0000000085400000, 0x0000000085300000| Complete 
|  84|0x0000000085400000, 0x0000000085500000, 0x0000000085500000|100%|HS|  |TAMS 0x0000000085500000, 0x0000000085400000| Complete 
|  85|0x0000000085500000, 0x0000000085600000, 0x0000000085600000|100%| O|  |TAMS 0x0000000085600000, 0x0000000085500000| Untracked 
|  86|0x0000000085600000, 0x0000000085700000, 0x0000000085700000|100%| O|  |TAMS 0x0000000085700000, 0x0000000085600000| Untracked 
|  87|0x0000000085700000, 0x0000000085800000, 0x0000000085800000|100%| O|  |TAMS 0x0000000085800000, 0x0000000085700000| Untracked 
|  88|0x0000000085800000, 0x0000000085900000, 0x0000000085900000|100%| O|  |TAMS 0x0000000085900000, 0x0000000085800000| Untracked 
|  89|0x0000000085900000, 0x0000000085a00000, 0x0000000085a00000|100%| O|  |TAMS 0x0000000085a00000, 0x0000000085900000| Untracked 
|  90|0x0000000085a00000, 0x0000000085b00000, 0x0000000085b00000|100%| O|  |TAMS 0x0000000085b00000, 0x0000000085a00000| Untracked 
|  91|0x0000000085b00000, 0x0000000085c00000, 0x0000000085c00000|100%| O|  |TAMS 0x0000000085c00000, 0x0000000085b00000| Untracked 
|  92|0x0000000085c00000, 0x0000000085d00000, 0x0000000085d00000|100%| O|  |TAMS 0x0000000085d00000, 0x0000000085c00000| Untracked 
|  93|0x0000000085d00000, 0x0000000085e00000, 0x0000000085e00000|100%| O|  |TAMS 0x0000000085e00000, 0x0000000085d00000| Untracked 
|  94|0x0000000085e00000, 0x0000000085f00000, 0x0000000085f00000|100%| O|  |TAMS 0x0000000085f00000, 0x0000000085e00000| Untracked 
|  95|0x0000000085f00000, 0x0000000086000000, 0x0000000086000000|100%| O|  |TAMS 0x0000000085f7ec00, 0x0000000085f00000| Untracked 
|  96|0x0000000086000000, 0x0000000086100000, 0x0000000086100000|100%| O|  |TAMS 0x0000000086000000, 0x0000000086000000| Untracked 
|  97|0x0000000086100000, 0x0000000086200000, 0x0000000086200000|100%| O|  |TAMS 0x0000000086100000, 0x0000000086100000| Untracked 
|  98|0x0000000086200000, 0x0000000086300000, 0x0000000086300000|100%|HS|  |TAMS 0x0000000086300000, 0x0000000086200000| Complete 
|  99|0x0000000086300000, 0x0000000086400000, 0x0000000086400000|100%| O|  |TAMS 0x0000000086300000, 0x0000000086300000| Untracked 
| 100|0x0000000086400000, 0x0000000086500000, 0x0000000086500000|100%| O|  |TAMS 0x0000000086400000, 0x0000000086400000| Untracked 
| 101|0x0000000086500000, 0x0000000086600000, 0x0000000086600000|100%| O|  |TAMS 0x0000000086500000, 0x0000000086500000| Untracked 
| 102|0x0000000086600000, 0x0000000086700000, 0x0000000086700000|100%| O|  |TAMS 0x0000000086600000, 0x0000000086600000| Untracked 
| 103|0x0000000086700000, 0x0000000086800000, 0x0000000086800000|100%| O|  |TAMS 0x0000000086700000, 0x0000000086700000| Untracked 
| 104|0x0000000086800000, 0x0000000086900000, 0x0000000086900000|100%| O|  |TAMS 0x0000000086800000, 0x0000000086800000| Untracked 
| 105|0x0000000086900000, 0x0000000086a00000, 0x0000000086a00000|100%| O|  |TAMS 0x0000000086900000, 0x0000000086900000| Untracked 
| 106|0x0000000086a00000, 0x0000000086b00000, 0x0000000086b00000|100%| O|  |TAMS 0x0000000086a00000, 0x0000000086a00000| Untracked 
| 107|0x0000000086b00000, 0x0000000086c00000, 0x0000000086c00000|100%| O|  |TAMS 0x0000000086b00000, 0x0000000086b00000| Untracked 
| 108|0x0000000086c00000, 0x0000000086d00000, 0x0000000086d00000|100%| O|  |TAMS 0x0000000086c00000, 0x0000000086c00000| Untracked 
| 109|0x0000000086d00000, 0x0000000086e00000, 0x0000000086e00000|100%| O|  |TAMS 0x0000000086d00000, 0x0000000086d00000| Untracked 
| 110|0x0000000086e00000, 0x0000000086f00000, 0x0000000086f00000|100%| O|  |TAMS 0x0000000086e00000, 0x0000000086e00000| Untracked 
| 111|0x0000000086f00000, 0x0000000087000000, 0x0000000087000000|100%| O|  |TAMS 0x0000000086f00000, 0x0000000086f00000| Untracked 
| 112|0x0000000087000000, 0x0000000087100000, 0x0000000087100000|100%| O|  |TAMS 0x0000000087000000, 0x0000000087000000| Untracked 
| 113|0x0000000087100000, 0x0000000087200000, 0x0000000087200000|100%| O|  |TAMS 0x0000000087100000, 0x0000000087100000| Untracked 
| 114|0x0000000087200000, 0x0000000087300000, 0x0000000087300000|100%| O|  |TAMS 0x0000000087200000, 0x0000000087200000| Untracked 
| 115|0x0000000087300000, 0x0000000087400000, 0x0000000087400000|100%| O|  |TAMS 0x0000000087300000, 0x0000000087300000| Untracked 
| 116|0x0000000087400000, 0x0000000087500000, 0x0000000087500000|100%| O|  |TAMS 0x0000000087400000, 0x0000000087400000| Untracked 
| 117|0x0000000087500000, 0x0000000087600000, 0x0000000087600000|100%| O|  |TAMS 0x0000000087500000, 0x0000000087500000| Untracked 
| 118|0x0000000087600000, 0x0000000087700000, 0x0000000087700000|100%| O|  |TAMS 0x0000000087600000, 0x0000000087600000| Untracked 
| 119|0x0000000087700000, 0x0000000087800000, 0x0000000087800000|100%| O|  |TAMS 0x0000000087700000, 0x0000000087700000| Untracked 
| 120|0x0000000087800000, 0x0000000087900000, 0x0000000087900000|100%| O|  |TAMS 0x0000000087800000, 0x0000000087800000| Untracked 
| 121|0x0000000087900000, 0x0000000087a00000, 0x0000000087a00000|100%| O|  |TAMS 0x0000000087900000, 0x0000000087900000| Untracked 
| 122|0x0000000087a00000, 0x0000000087b00000, 0x0000000087b00000|100%| O|  |TAMS 0x0000000087a00000, 0x0000000087a00000| Untracked 
| 123|0x0000000087b00000, 0x0000000087bd3800, 0x0000000087c00000| 82%| O|  |TAMS 0x0000000087b00000, 0x0000000087b00000| Untracked 
| 124|0x0000000087c00000, 0x0000000087c00000, 0x0000000087d00000|  0%| F|  |TAMS 0x0000000087c00000, 0x0000000087c00000| Untracked 
| 125|0x0000000087d00000, 0x0000000087d00000, 0x0000000087e00000|  0%| F|  |TAMS 0x0000000087d00000, 0x0000000087d00000| Untracked 
| 126|0x0000000087e00000, 0x0000000087e00000, 0x0000000087f00000|  0%| F|  |TAMS 0x0000000087e00000, 0x0000000087e00000| Untracked 
| 127|0x0000000087f00000, 0x0000000087f00000, 0x0000000088000000|  0%| F|  |TAMS 0x0000000087f00000, 0x0000000087f00000| Untracked 
| 128|0x0000000088000000, 0x0000000088000000, 0x0000000088100000|  0%| F|  |TAMS 0x0000000088000000, 0x0000000088000000| Untracked 
| 129|0x0000000088100000, 0x0000000088100000, 0x0000000088200000|  0%| F|  |TAMS 0x0000000088100000, 0x0000000088100000| Untracked 
| 130|0x0000000088200000, 0x0000000088200000, 0x0000000088300000|  0%| F|  |TAMS 0x0000000088200000, 0x0000000088200000| Untracked 
| 131|0x0000000088300000, 0x0000000088300000, 0x0000000088400000|  0%| F|  |TAMS 0x0000000088300000, 0x0000000088300000| Untracked 
| 132|0x0000000088400000, 0x0000000088400000, 0x0000000088500000|  0%| F|  |TAMS 0x0000000088400000, 0x0000000088400000| Untracked 
| 133|0x0000000088500000, 0x0000000088500000, 0x0000000088600000|  0%| F|  |TAMS 0x0000000088500000, 0x0000000088500000| Untracked 
| 134|0x0000000088600000, 0x0000000088600000, 0x0000000088700000|  0%| F|  |TAMS 0x0000000088600000, 0x0000000088600000| Untracked 
| 135|0x0000000088700000, 0x0000000088700000, 0x0000000088800000|  0%| F|  |TAMS 0x0000000088700000, 0x0000000088700000| Untracked 
| 136|0x0000000088800000, 0x0000000088800000, 0x0000000088900000|  0%| F|  |TAMS 0x0000000088800000, 0x0000000088800000| Untracked 
| 137|0x0000000088900000, 0x0000000088900000, 0x0000000088a00000|  0%| F|  |TAMS 0x0000000088900000, 0x0000000088900000| Untracked 
| 138|0x0000000088a00000, 0x0000000088a00000, 0x0000000088b00000|  0%| F|  |TAMS 0x0000000088a00000, 0x0000000088a00000| Untracked 
| 139|0x0000000088b00000, 0x0000000088b00000, 0x0000000088c00000|  0%| F|  |TAMS 0x0000000088b00000, 0x0000000088b00000| Untracked 
| 140|0x0000000088c00000, 0x0000000088c00000, 0x0000000088d00000|  0%| F|  |TAMS 0x0000000088c00000, 0x0000000088c00000| Untracked 
| 141|0x0000000088d00000, 0x0000000088d00000, 0x0000000088e00000|  0%| F|  |TAMS 0x0000000088d00000, 0x0000000088d00000| Untracked 
| 142|0x0000000088e00000, 0x0000000088e00000, 0x0000000088f00000|  0%| F|  |TAMS 0x0000000088e00000, 0x0000000088e00000| Untracked 
| 143|0x0000000088f00000, 0x0000000088f00000, 0x0000000089000000|  0%| F|  |TAMS 0x0000000088f00000, 0x0000000088f00000| Untracked 
| 144|0x0000000089000000, 0x0000000089000000, 0x0000000089100000|  0%| F|  |TAMS 0x0000000089000000, 0x0000000089000000| Untracked 
| 145|0x0000000089100000, 0x0000000089100000, 0x0000000089200000|  0%| F|  |TAMS 0x0000000089100000, 0x0000000089100000| Untracked 
| 146|0x0000000089200000, 0x0000000089200000, 0x0000000089300000|  0%| F|  |TAMS 0x0000000089200000, 0x0000000089200000| Untracked 
| 147|0x0000000089300000, 0x00000000893f2198, 0x0000000089400000| 94%| S|CS|TAMS 0x0000000089300000, 0x0000000089300000| Complete 
| 148|0x0000000089400000, 0x0000000089400000, 0x0000000089500000|  0%| F|  |TAMS 0x0000000089400000, 0x0000000089400000| Untracked 
| 149|0x0000000089500000, 0x0000000089500000, 0x0000000089600000|  0%| F|  |TAMS 0x0000000089500000, 0x0000000089500000| Untracked 
| 150|0x0000000089600000, 0x0000000089600000, 0x0000000089700000|  0%| F|  |TAMS 0x0000000089600000, 0x0000000089600000| Untracked 
| 151|0x0000000089700000, 0x0000000089700000, 0x0000000089800000|  0%| F|  |TAMS 0x0000000089700000, 0x0000000089700000| Untracked 
| 152|0x0000000089800000, 0x0000000089900000, 0x0000000089900000|100%| S|CS|TAMS 0x0000000089800000, 0x0000000089800000| Complete 
| 153|0x0000000089900000, 0x0000000089a00000, 0x0000000089a00000|100%| S|CS|TAMS 0x0000000089900000, 0x0000000089900000| Complete 
| 154|0x0000000089a00000, 0x0000000089a00000, 0x0000000089b00000|  0%| F|  |TAMS 0x0000000089a00000, 0x0000000089a00000| Untracked 
| 155|0x0000000089b00000, 0x0000000089b00000, 0x0000000089c00000|  0%| F|  |TAMS 0x0000000089b00000, 0x0000000089b00000| Untracked 
| 156|0x0000000089c00000, 0x0000000089c00000, 0x0000000089d00000|  0%| F|  |TAMS 0x0000000089c00000, 0x0000000089c00000| Untracked 
| 157|0x0000000089d00000, 0x0000000089d00000, 0x0000000089e00000|  0%| F|  |TAMS 0x0000000089d00000, 0x0000000089d00000| Untracked 
| 158|0x0000000089e00000, 0x0000000089e00000, 0x0000000089f00000|  0%| F|  |TAMS 0x0000000089e00000, 0x0000000089e00000| Untracked 
| 159|0x0000000089f00000, 0x0000000089f00000, 0x000000008a000000|  0%| F|  |TAMS 0x0000000089f00000, 0x0000000089f00000| Untracked 
| 160|0x000000008a000000, 0x000000008a000000, 0x000000008a100000|  0%| F|  |TAMS 0x000000008a000000, 0x000000008a000000| Untracked 
| 161|0x000000008a100000, 0x000000008a100000, 0x000000008a200000|  0%| F|  |TAMS 0x000000008a100000, 0x000000008a100000| Untracked 
| 162|0x000000008a200000, 0x000000008a200000, 0x000000008a300000|  0%| F|  |TAMS 0x000000008a200000, 0x000000008a200000| Untracked 
| 163|0x000000008a300000, 0x000000008a300000, 0x000000008a400000|  0%| F|  |TAMS 0x000000008a300000, 0x000000008a300000| Untracked 
| 164|0x000000008a400000, 0x000000008a400000, 0x000000008a500000|  0%| F|  |TAMS 0x000000008a400000, 0x000000008a400000| Untracked 
| 165|0x000000008a500000, 0x000000008a500000, 0x000000008a600000|  0%| F|  |TAMS 0x000000008a500000, 0x000000008a500000| Untracked 
| 166|0x000000008a600000, 0x000000008a600000, 0x000000008a700000|  0%| F|  |TAMS 0x000000008a600000, 0x000000008a600000| Untracked 
| 167|0x000000008a700000, 0x000000008a700000, 0x000000008a800000|  0%| F|  |TAMS 0x000000008a700000, 0x000000008a700000| Untracked 
| 168|0x000000008a800000, 0x000000008a800000, 0x000000008a900000|  0%| F|  |TAMS 0x000000008a800000, 0x000000008a800000| Untracked 
| 169|0x000000008a900000, 0x000000008a900000, 0x000000008aa00000|  0%| F|  |TAMS 0x000000008a900000, 0x000000008a900000| Untracked 
| 170|0x000000008aa00000, 0x000000008aa00000, 0x000000008ab00000|  0%| F|  |TAMS 0x000000008aa00000, 0x000000008aa00000| Untracked 
| 171|0x000000008ab00000, 0x000000008ab00000, 0x000000008ac00000|  0%| F|  |TAMS 0x000000008ab00000, 0x000000008ab00000| Untracked 
| 172|0x000000008ac00000, 0x000000008ac00000, 0x000000008ad00000|  0%| F|  |TAMS 0x000000008ac00000, 0x000000008ac00000| Untracked 
| 173|0x000000008ad00000, 0x000000008ad00000, 0x000000008ae00000|  0%| F|  |TAMS 0x000000008ad00000, 0x000000008ad00000| Untracked 
| 174|0x000000008ae00000, 0x000000008ae00000, 0x000000008af00000|  0%| F|  |TAMS 0x000000008ae00000, 0x000000008ae00000| Untracked 
| 175|0x000000008af00000, 0x000000008af00000, 0x000000008b000000|  0%| F|  |TAMS 0x000000008af00000, 0x000000008af00000| Untracked 
| 176|0x000000008b000000, 0x000000008b000000, 0x000000008b100000|  0%| F|  |TAMS 0x000000008b000000, 0x000000008b000000| Untracked 
| 177|0x000000008b100000, 0x000000008b100000, 0x000000008b200000|  0%| F|  |TAMS 0x000000008b100000, 0x000000008b100000| Untracked 
| 178|0x000000008b200000, 0x000000008b200000, 0x000000008b300000|  0%| F|  |TAMS 0x000000008b200000, 0x000000008b200000| Untracked 
| 179|0x000000008b300000, 0x000000008b300000, 0x000000008b400000|  0%| F|  |TAMS 0x000000008b300000, 0x000000008b300000| Untracked 
| 180|0x000000008b400000, 0x000000008b400000, 0x000000008b500000|  0%| F|  |TAMS 0x000000008b400000, 0x000000008b400000| Untracked 
| 181|0x000000008b500000, 0x000000008b500000, 0x000000008b600000|  0%| F|  |TAMS 0x000000008b500000, 0x000000008b500000| Untracked 
| 182|0x000000008b600000, 0x000000008b600000, 0x000000008b700000|  0%| F|  |TAMS 0x000000008b600000, 0x000000008b600000| Untracked 
| 183|0x000000008b700000, 0x000000008b700000, 0x000000008b800000|  0%| F|  |TAMS 0x000000008b700000, 0x000000008b700000| Untracked 
| 184|0x000000008b800000, 0x000000008b800000, 0x000000008b900000|  0%| F|  |TAMS 0x000000008b800000, 0x000000008b800000| Untracked 
| 185|0x000000008b900000, 0x000000008b900000, 0x000000008ba00000|  0%| F|  |TAMS 0x000000008b900000, 0x000000008b900000| Untracked 
| 186|0x000000008ba00000, 0x000000008ba00000, 0x000000008bb00000|  0%| F|  |TAMS 0x000000008ba00000, 0x000000008ba00000| Untracked 
| 187|0x000000008bb00000, 0x000000008bb00000, 0x000000008bc00000|  0%| F|  |TAMS 0x000000008bb00000, 0x000000008bb00000| Untracked 
| 188|0x000000008bc00000, 0x000000008bc00000, 0x000000008bd00000|  0%| F|  |TAMS 0x000000008bc00000, 0x000000008bc00000| Untracked 
| 189|0x000000008bd00000, 0x000000008bd00000, 0x000000008be00000|  0%| F|  |TAMS 0x000000008bd00000, 0x000000008bd00000| Untracked 
| 190|0x000000008be00000, 0x000000008be00000, 0x000000008bf00000|  0%| F|  |TAMS 0x000000008be00000, 0x000000008be00000| Untracked 
| 191|0x000000008bf00000, 0x000000008bf00000, 0x000000008c000000|  0%| F|  |TAMS 0x000000008bf00000, 0x000000008bf00000| Untracked 
| 192|0x000000008c000000, 0x000000008c000000, 0x000000008c100000|  0%| F|  |TAMS 0x000000008c000000, 0x000000008c000000| Untracked 
| 193|0x000000008c100000, 0x000000008c100000, 0x000000008c200000|  0%| F|  |TAMS 0x000000008c100000, 0x000000008c100000| Untracked 
| 194|0x000000008c200000, 0x000000008c200000, 0x000000008c300000|  0%| F|  |TAMS 0x000000008c200000, 0x000000008c200000| Untracked 
| 195|0x000000008c300000, 0x000000008c300000, 0x000000008c400000|  0%| F|  |TAMS 0x000000008c300000, 0x000000008c300000| Untracked 
| 196|0x000000008c400000, 0x000000008c400000, 0x000000008c500000|  0%| F|  |TAMS 0x000000008c400000, 0x000000008c400000| Untracked 
| 197|0x000000008c500000, 0x000000008c500000, 0x000000008c600000|  0%| F|  |TAMS 0x000000008c500000, 0x000000008c500000| Untracked 
| 198|0x000000008c600000, 0x000000008c600000, 0x000000008c700000|  0%| F|  |TAMS 0x000000008c600000, 0x000000008c600000| Untracked 
| 199|0x000000008c700000, 0x000000008c700000, 0x000000008c800000|  0%| F|  |TAMS 0x000000008c700000, 0x000000008c700000| Untracked 
| 200|0x000000008c800000, 0x000000008c800000, 0x000000008c900000|  0%| F|  |TAMS 0x000000008c800000, 0x000000008c800000| Untracked 
| 201|0x000000008c900000, 0x000000008c900000, 0x000000008ca00000|  0%| F|  |TAMS 0x000000008c900000, 0x000000008c900000| Untracked 
| 202|0x000000008ca00000, 0x000000008ca00000, 0x000000008cb00000|  0%| F|  |TAMS 0x000000008ca00000, 0x000000008ca00000| Untracked 
| 203|0x000000008cb00000, 0x000000008cb00000, 0x000000008cc00000|  0%| F|  |TAMS 0x000000008cb00000, 0x000000008cb00000| Untracked 
| 204|0x000000008cc00000, 0x000000008cc00000, 0x000000008cd00000|  0%| F|  |TAMS 0x000000008cc00000, 0x000000008cc00000| Untracked 
| 205|0x000000008cd00000, 0x000000008cd00000, 0x000000008ce00000|  0%| F|  |TAMS 0x000000008cd00000, 0x000000008cd00000| Untracked 
| 206|0x000000008ce00000, 0x000000008ce00000, 0x000000008cf00000|  0%| F|  |TAMS 0x000000008ce00000, 0x000000008ce00000| Untracked 
| 207|0x000000008cf00000, 0x000000008cf00000, 0x000000008d000000|  0%| F|  |TAMS 0x000000008cf00000, 0x000000008cf00000| Untracked 
| 208|0x000000008d000000, 0x000000008d000000, 0x000000008d100000|  0%| F|  |TAMS 0x000000008d000000, 0x000000008d000000| Untracked 
| 209|0x000000008d100000, 0x000000008d100000, 0x000000008d200000|  0%| F|  |TAMS 0x000000008d100000, 0x000000008d100000| Untracked 
| 210|0x000000008d200000, 0x000000008d200000, 0x000000008d300000|  0%| F|  |TAMS 0x000000008d200000, 0x000000008d200000| Untracked 
| 211|0x000000008d300000, 0x000000008d300000, 0x000000008d400000|  0%| F|  |TAMS 0x000000008d300000, 0x000000008d300000| Untracked 
| 212|0x000000008d400000, 0x000000008d400000, 0x000000008d500000|  0%| F|  |TAMS 0x000000008d400000, 0x000000008d400000| Untracked 
| 213|0x000000008d500000, 0x000000008d500000, 0x000000008d600000|  0%| F|  |TAMS 0x000000008d500000, 0x000000008d500000| Untracked 
| 214|0x000000008d600000, 0x000000008d600000, 0x000000008d700000|  0%| F|  |TAMS 0x000000008d600000, 0x000000008d600000| Untracked 
| 215|0x000000008d700000, 0x000000008d700000, 0x000000008d800000|  0%| F|  |TAMS 0x000000008d700000, 0x000000008d700000| Untracked 
| 216|0x000000008d800000, 0x000000008d878b90, 0x000000008d900000| 47%| E|  |TAMS 0x000000008d800000, 0x000000008d800000| Complete 
| 217|0x000000008d900000, 0x000000008da00000, 0x000000008da00000|100%| E|CS|TAMS 0x000000008d900000, 0x000000008d900000| Complete 
| 218|0x000000008da00000, 0x000000008db00000, 0x000000008db00000|100%| E|CS|TAMS 0x000000008da00000, 0x000000008da00000| Complete 

Card table byte_map: [0x0000017d72170000,0x0000017d72570000] _byte_map_base: 0x0000017d71d70000

Marking Bits (Prev, Next): (CMBitMap*) 0x0000017d5b2d27d0, (CMBitMap*) 0x0000017d5b2d2810
 Prev Bits: [0x0000017d72970000, 0x0000017d74970000)
 Next Bits: [0x0000017d74970000, 0x0000017d76970000)

Polling page: 0x0000017d5aa30000

Metaspace:

Usage:
  Non-class:     81.14 MB used.
      Class:     13.25 MB used.
       Both:     94.39 MB used.

Virtual space:
  Non-class space:      128.00 MB reserved,      81.69 MB ( 64%) committed,  2 nodes.
      Class space:      416.00 MB reserved,      13.69 MB (  3%) committed,  1 nodes.
             Both:      544.00 MB reserved,      95.38 MB ( 18%) committed. 

Chunk freelists:
   Non-Class:  14.03 MB
       Class:  2.32 MB
        Both:  16.35 MB

MaxMetaspaceSize: 512.00 MB
CompressedClassSpaceSize: 416.00 MB
Initial GC threshold: 21.00 MB
Current GC threshold: 128.88 MB
CDS: on
MetaspaceReclaimPolicy: balanced
 - commit_granule_bytes: 65536.
 - commit_granule_words: 8192.
 - virtual_space_node_default_size: 8388608.
 - enlarge_chunks_in_place: 1.
 - new_chunks_are_fully_committed: 0.
 - uncommit_free_chunks: 1.
 - use_allocation_guard: 0.
 - handle_deallocations: 1.


Internal statistics:

num_allocs_failed_limit: 6.
num_arena_births: 1320.
num_arena_deaths: 0.
num_vsnodes_births: 3.
num_vsnodes_deaths: 0.
num_space_committed: 1526.
num_space_uncommitted: 0.
num_chunks_returned_to_freelist: 6.
num_chunks_taken_from_freelist: 5576.
num_chunk_merges: 6.
num_chunk_splits: 3601.
num_chunks_enlarged: 2294.
num_inconsistent_stats: 0.

CodeHeap 'non-profiled nmethods': size=120000Kb used=7524Kb max_used=7524Kb free=112475Kb
 bounds [0x0000017d6a840000, 0x0000017d6afa0000, 0x0000017d71d70000]
CodeHeap 'profiled nmethods': size=120000Kb used=22369Kb max_used=22369Kb free=97631Kb
 bounds [0x0000017d62d70000, 0x0000017d64350000, 0x0000017d6a2a0000]
CodeHeap 'non-nmethods': size=5760Kb used=2473Kb max_used=2533Kb free=3286Kb
 bounds [0x0000017d6a2a0000, 0x0000017d6a520000, 0x0000017d6a840000]
 total_blobs=12216 nmethods=11260 adapters=866
 compilation: enabled
              stopped_count=0, restarted_count=0
 full_count=0

Compilation events (20 events):
Event: 70.514 Thread 0x0000017d1cb6f9d0 nmethod 12907 0x0000017d6af88290 code [0x0000017d6af88680, 0x0000017d6af8b718]
Event: 70.514 Thread 0x0000017d1cb6f9d0 12911       4       java.util.Arrays::sort (47 bytes)
Event: 70.516 Thread 0x0000017d1cb6f9d0 nmethod 12911 0x0000017d6af8db90 code [0x0000017d6af8dd40, 0x0000017d6af8dea8]
Event: 70.517 Thread 0x0000017d1cb6f9d0 12909       4       org.gradle.internal.snapshot.impl.DirectorySnapshotter$PathVisitor::visitResolvedFile (44 bytes)
Event: 70.518 Thread 0x0000017d78e35e50 nmethod 12910 0x0000017d6af8e090 code [0x0000017d6af8e220, 0x0000017d6af8e468]
Event: 70.584 Thread 0x0000017d78e35e50 12912       4       java.io.DataOutputStream::writeInt (62 bytes)
Event: 70.590 Thread 0x0000017d78e35e50 nmethod 12912 0x0000017d6af8e590 code [0x0000017d6af8e720, 0x0000017d6af8ebb8]
Event: 70.590 Thread 0x0000017d78e35e50 12913       4       org.gradle.internal.operations.DefaultBuildOperationListenerManager$1::progress (47 bytes)
Event: 70.607 Thread 0x0000017d78e35e50 nmethod 12913 0x0000017d6af8ee90 code [0x0000017d6af8f060, 0x0000017d6af8f6c8]
Event: 70.607 Thread 0x0000017d78e35e50 12914       4       org.gradle.cache.internal.btree.FileBackedBlockStore::flush (1 bytes)
Event: 70.607 Thread 0x0000017d78e35e50 nmethod 12914 0x0000017d6af8fd90 code [0x0000017d6af8ff00, 0x0000017d6af8ff78]
Event: 70.621 Thread 0x0000017d78e35e50 12915       4       org.gradle.internal.snapshot.AbstractListChildMap::stream (10 bytes)
Event: 70.637 Thread 0x0000017d78e35e50 nmethod 12915 0x0000017d6af90090 code [0x0000017d6af90240, 0x0000017d6af90a18]
Event: 70.651 Thread 0x0000017d78e35e50 12916   !   4       java.util.concurrent.FutureTask::run (123 bytes)
Event: 70.666 Thread 0x0000017d1cb6f9d0 nmethod 12909 0x0000017d6af90d10 code [0x0000017d6af91080, 0x0000017d6af938d8]
Event: 70.666 Thread 0x0000017d1cb6f9d0 12917   !   4       com.google.common.cache.LocalCache$Segment::lockedGetOrLoad (447 bytes)
Event: 70.759 Thread 0x0000017d1cb6f9d0 nmethod 12917 0x0000017d6af95910 code [0x0000017d6af95bc0, 0x0000017d6af97860]
Event: 70.760 Thread 0x0000017d1cb6f9d0 12918       4       com.google.common.cache.LocalCache$LoadingValueReference::<init> (34 bytes)
Event: 70.767 Thread 0x0000017d1cb6f9d0 nmethod 12918 0x0000017d6af98c10 code [0x0000017d6af98da0, 0x0000017d6af991b8]
Event: 70.767 Thread 0x0000017d1cb6f9d0 12919       4       org.gradle.cache.internal.ExclusiveCacheAccessingWorker$1::call (10 bytes)

GC Heap History (20 events):
Event: 61.931 GC heap before
{Heap before GC invocations=36 (full 0):
 garbage-first heap   total 186368K, used 143022K [0x0000000080000000, 0x0000000100000000)
  region size 1024K, 46 young (47104K), 5 survivors (5120K)
 Metaspace       used 80425K, committed 81280K, reserved 557056K
  class space    used 11157K, committed 11584K, reserved 425984K
}
Event: 61.939 GC heap after
{Heap after GC invocations=37 (full 0):
 garbage-first heap   total 186368K, used 103547K [0x0000000080000000, 0x0000000100000000)
  region size 1024K, 3 young (3072K), 3 survivors (3072K)
 Metaspace       used 80425K, committed 81280K, reserved 557056K
  class space    used 11157K, committed 11584K, reserved 425984K
}
Event: 62.118 GC heap before
{Heap before GC invocations=37 (full 0):
 garbage-first heap   total 186368K, used 109691K [0x0000000080000000, 0x0000000100000000)
  region size 1024K, 9 young (9216K), 3 survivors (3072K)
 Metaspace       used 80763K, committed 81664K, reserved 557056K
  class space    used 11222K, committed 11648K, reserved 425984K
}
Event: 62.125 GC heap after
{Heap after GC invocations=38 (full 0):
 garbage-first heap   total 186368K, used 103098K [0x0000000080000000, 0x0000000100000000)
  region size 1024K, 1 young (1024K), 1 survivors (1024K)
 Metaspace       used 80763K, committed 81664K, reserved 557056K
  class space    used 11222K, committed 11648K, reserved 425984K
}
Event: 62.999 GC heap before
{Heap before GC invocations=38 (full 0):
 garbage-first heap   total 186368K, used 153274K [0x0000000080000000, 0x0000000100000000)
  region size 1024K, 50 young (51200K), 1 survivors (1024K)
 Metaspace       used 83945K, committed 84864K, reserved 557056K
  class space    used 11674K, committed 12096K, reserved 425984K
}
Event: 63.004 GC heap after
{Heap after GC invocations=39 (full 0):
 garbage-first heap   total 186368K, used 105154K [0x0000000080000000, 0x0000000100000000)
  region size 1024K, 3 young (3072K), 3 survivors (3072K)
 Metaspace       used 83945K, committed 84864K, reserved 557056K
  class space    used 11674K, committed 12096K, reserved 425984K
}
Event: 64.099 GC heap before
{Heap before GC invocations=39 (full 0):
 garbage-first heap   total 186368K, used 154306K [0x0000000080000000, 0x0000000100000000)
  region size 1024K, 51 young (52224K), 3 survivors (3072K)
 Metaspace       used 84163K, committed 85056K, reserved 557056K
  class space    used 11696K, committed 12096K, reserved 425984K
}
Event: 64.108 GC heap after
{Heap after GC invocations=40 (full 0):
 garbage-first heap   total 186368K, used 108881K [0x0000000080000000, 0x0000000100000000)
  region size 1024K, 6 young (6144K), 6 survivors (6144K)
 Metaspace       used 84163K, committed 85056K, reserved 557056K
  class space    used 11696K, committed 12096K, reserved 425984K
}
Event: 65.234 GC heap before
{Heap before GC invocations=40 (full 0):
 garbage-first heap   total 186368K, used 154961K [0x0000000080000000, 0x0000000100000000)
  region size 1024K, 51 young (52224K), 6 survivors (6144K)
 Metaspace       used 86773K, committed 87744K, reserved 557056K
  class space    used 12051K, committed 12480K, reserved 425984K
}
Event: 65.247 GC heap after
{Heap after GC invocations=41 (full 0):
 garbage-first heap   total 186368K, used 110586K [0x0000000080000000, 0x0000000100000000)
  region size 1024K, 2 young (2048K), 2 survivors (2048K)
 Metaspace       used 86773K, committed 87744K, reserved 557056K
  class space    used 12051K, committed 12480K, reserved 425984K
}
Event: 66.296 GC heap before
{Heap before GC invocations=41 (full 0):
 garbage-first heap   total 186368K, used 156666K [0x0000000080000000, 0x0000000100000000)
  region size 1024K, 47 young (48128K), 2 survivors (2048K)
 Metaspace       used 89725K, committed 90624K, reserved 557056K
  class space    used 12646K, committed 13056K, reserved 425984K
}
Event: 66.301 GC heap after
{Heap after GC invocations=42 (full 0):
 garbage-first heap   total 186368K, used 111796K [0x0000000080000000, 0x0000000100000000)
  region size 1024K, 3 young (3072K), 3 survivors (3072K)
 Metaspace       used 89725K, committed 90624K, reserved 557056K
  class space    used 12646K, committed 13056K, reserved 425984K
}
Event: 67.289 GC heap before
{Heap before GC invocations=42 (full 0):
 garbage-first heap   total 186368K, used 157876K [0x0000000080000000, 0x0000000100000000)
  region size 1024K, 48 young (49152K), 3 survivors (3072K)
 Metaspace       used 92513K, committed 93440K, reserved 557056K
  class space    used 13031K, committed 13440K, reserved 425984K
}
Event: 67.299 GC heap after
{Heap after GC invocations=43 (full 0):
 garbage-first heap   total 186368K, used 114449K [0x0000000080000000, 0x0000000100000000)
  region size 1024K, 6 young (6144K), 6 survivors (6144K)
 Metaspace       used 92513K, committed 93440K, reserved 557056K
  class space    used 13031K, committed 13440K, reserved 425984K
}
Event: 68.121 GC heap before
{Heap before GC invocations=43 (full 0):
 garbage-first heap   total 186368K, used 157457K [0x0000000080000000, 0x0000000100000000)
  region size 1024K, 48 young (49152K), 6 survivors (6144K)
 Metaspace       used 93786K, committed 94784K, reserved 557056K
  class space    used 13191K, committed 13632K, reserved 425984K
}
Event: 68.140 GC heap after
{Heap after GC invocations=44 (full 0):
 garbage-first heap   total 186368K, used 118087K [0x0000000080000000, 0x0000000100000000)
  region size 1024K, 6 young (6144K), 6 survivors (6144K)
 Metaspace       used 93786K, committed 94784K, reserved 557056K
  class space    used 13191K, committed 13632K, reserved 425984K
}
Event: 69.720 GC heap before
{Heap before GC invocations=44 (full 0):
 garbage-first heap   total 186368K, used 156999K [0x0000000080000000, 0x0000000100000000)
  region size 1024K, 44 young (45056K), 6 survivors (6144K)
 Metaspace       used 96579K, committed 97600K, reserved 557056K
  class space    used 13567K, committed 14016K, reserved 425984K
}
Event: 69.744 GC heap after
{Heap after GC invocations=45 (full 0):
 garbage-first heap   total 186368K, used 125155K [0x0000000080000000, 0x0000000100000000)
  region size 1024K, 6 young (6144K), 6 survivors (6144K)
 Metaspace       used 96579K, committed 97600K, reserved 557056K
  class space    used 13567K, committed 14016K, reserved 425984K
}
Event: 70.318 GC heap before
{Heap before GC invocations=45 (full 0):
 garbage-first heap   total 186368K, used 154851K [0x0000000080000000, 0x0000000100000000)
  region size 1024K, 36 young (36864K), 6 survivors (6144K)
 Metaspace       used 96650K, committed 97664K, reserved 557056K
  class space    used 13567K, committed 14016K, reserved 425984K
}
Event: 70.332 GC heap after
{Heap after GC invocations=46 (full 0):
 garbage-first heap   total 186368K, used 128604K [0x0000000080000000, 0x0000000100000000)
  region size 1024K, 4 young (4096K), 4 survivors (4096K)
 Metaspace       used 96650K, committed 97664K, reserved 557056K
  class space    used 13567K, committed 14016K, reserved 425984K
}

Dll operation events (14 events):
Event: 0.033 Loaded shared library C:\Program Files\Microsoft\jdk-17.0.8.7-hotspot\bin\java.dll
Event: 0.068 Loaded shared library C:\Program Files\Microsoft\jdk-17.0.8.7-hotspot\bin\jsvml.dll
Event: 0.160 Loaded shared library C:\Program Files\Microsoft\jdk-17.0.8.7-hotspot\bin\zip.dll
Event: 0.169 Loaded shared library C:\Program Files\Microsoft\jdk-17.0.8.7-hotspot\bin\instrument.dll
Event: 0.175 Loaded shared library C:\Program Files\Microsoft\jdk-17.0.8.7-hotspot\bin\net.dll
Event: 0.177 Loaded shared library C:\Program Files\Microsoft\jdk-17.0.8.7-hotspot\bin\nio.dll
Event: 0.188 Loaded shared library C:\Program Files\Microsoft\jdk-17.0.8.7-hotspot\bin\zip.dll
Event: 0.736 Loaded shared library C:\Program Files\Microsoft\jdk-17.0.8.7-hotspot\bin\jimage.dll
Event: 0.986 Loaded shared library C:\Program Files\Microsoft\jdk-17.0.8.7-hotspot\bin\verify.dll
Event: 1.374 Loaded shared library C:\Users\Itoasis\.gradle\native\c067742578af261105cb4f569cf0c3c89f3d7b1fecec35dd04571415982c5e48\windows-amd64\native-platform.dll
Event: 1.413 Loaded shared library C:\Users\Itoasis\.gradle\native\100fb08df4bc3b14c8652ba06237920a3bd2aa13389f12d3474272988ae205f9\windows-amd64\native-platform-file-events.dll
Event: 3.709 Loaded shared library C:\Program Files\Microsoft\jdk-17.0.8.7-hotspot\bin\management.dll
Event: 3.716 Loaded shared library C:\Program Files\Microsoft\jdk-17.0.8.7-hotspot\bin\management_ext.dll
Event: 4.506 Loaded shared library C:\Program Files\Microsoft\jdk-17.0.8.7-hotspot\bin\sunmscapi.dll

Deoptimization events (20 events):
Event: 69.867 Thread 0x0000017d7f521660 DEOPT PACKING pc=0x0000017d641fa5e0 sp=0x00000043ac7fd100
Event: 69.867 Thread 0x0000017d7f521660 DEOPT UNPACKING pc=0x0000017d6a2f7143 sp=0x00000043ac7fc608 mode 0
Event: 69.898 Thread 0x0000017d7f521660 DEOPT PACKING pc=0x0000017d641fa5e0 sp=0x00000043ac7fdbf0
Event: 69.899 Thread 0x0000017d7f521660 DEOPT UNPACKING pc=0x0000017d6a2f7143 sp=0x00000043ac7fd0f8 mode 0
Event: 69.923 Thread 0x0000017d1c962660 DEOPT PACKING pc=0x0000017d641fa5e0 sp=0x00000043ab8fd060
Event: 69.923 Thread 0x0000017d1c962660 DEOPT UNPACKING pc=0x0000017d6a2f7143 sp=0x00000043ab8fc568 mode 0
Event: 69.954 Thread 0x0000017d7f522fb0 DEOPT PACKING pc=0x0000017d641fa5e0 sp=0x00000043ac6fd420
Event: 69.954 Thread 0x0000017d7f522fb0 DEOPT UNPACKING pc=0x0000017d6a2f7143 sp=0x00000043ac6fc928 mode 0
Event: 69.984 Thread 0x0000017d7e9fad80 DEOPT PACKING pc=0x0000017d641fa5e0 sp=0x00000043a9af5bf0
Event: 69.984 Thread 0x0000017d7e9fad80 DEOPT UNPACKING pc=0x0000017d6a2f7143 sp=0x00000043a9af50f8 mode 0
Event: 70.022 Thread 0x0000017d7f522fb0 DEOPT PACKING pc=0x0000017d641fa5e0 sp=0x00000043ac6fda70
Event: 70.022 Thread 0x0000017d7f522fb0 DEOPT UNPACKING pc=0x0000017d6a2f7143 sp=0x00000043ac6fcf78 mode 0
Event: 70.064 Thread 0x0000017d7f521660 DEOPT PACKING pc=0x0000017d641fa5e0 sp=0x00000043ac7fd100
Event: 70.064 Thread 0x0000017d7f521660 DEOPT UNPACKING pc=0x0000017d6a2f7143 sp=0x00000043ac7fc608 mode 0
Event: 70.097 Thread 0x0000017d7f522fb0 DEOPT PACKING pc=0x0000017d641fa5e0 sp=0x00000043ac6fde40
Event: 70.097 Thread 0x0000017d7f522fb0 DEOPT UNPACKING pc=0x0000017d6a2f7143 sp=0x00000043ac6fd348 mode 0
Event: 70.123 Thread 0x0000017d7e9fad80 Uncommon trap: trap_request=0xffffff76 fr.pc=0x0000017d6af01640 relative=0x0000000000000080
Event: 70.123 Thread 0x0000017d7e9fad80 Uncommon trap: reason=predicate action=maybe_recompile pc=0x0000017d6af01640 method=java.util.ComparableTimSort.binarySort([Ljava/lang/Object;III)V @ 34 c2
Event: 70.123 Thread 0x0000017d7e9fad80 DEOPT PACKING pc=0x0000017d6af01640 sp=0x00000043a9af84e0
Event: 70.123 Thread 0x0000017d7e9fad80 DEOPT UNPACKING pc=0x0000017d6a2f69a3 sp=0x00000043a9af8488 mode 2

Classes unloaded (0 events):
No events

Classes redefined (0 events):
No events

Internal exceptions (20 events):
Event: 68.657 Thread 0x0000017d7e9fad80 Exception <a 'java/lang/ClassNotFoundException'{0x000000008a03da30}: com/android/build/gradle/internal/api/LibraryVariantOutputImpl_DecoratedBeanInfo> (0x000000008a03da30) 
thrown [s\src\hotspot\share\classfile\systemDictionary.cpp, line 256]
Event: 68.659 Thread 0x0000017d7e9fad80 Exception <a 'java/lang/ClassNotFoundException'{0x000000008a04b1c0}: com/android/build/gradle/internal/api/LibraryVariantOutputImplBeanInfo> (0x000000008a04b1c0) 
thrown [s\src\hotspot\share\classfile\systemDictionary.cpp, line 256]
Event: 68.662 Thread 0x0000017d7e9fad80 Exception <a 'java/lang/ClassNotFoundException'{0x000000008a058720}: com/android/build/gradle/internal/api/LibraryVariantOutputImplCustomizer> (0x000000008a058720) 
thrown [s\src\hotspot\share\classfile\systemDictionary.cpp, line 256]
Event: 68.664 Thread 0x0000017d7e9fad80 Exception <a 'java/lang/ClassNotFoundException'{0x000000008a06ecd0}: com/android/build/gradle/internal/api/LibraryVariantOutputImpl_DecoratedCustomizer> (0x000000008a06ecd0) 
thrown [s\src\hotspot\share\classfile\systemDictionary.cpp, line 256]
Event: 68.705 Thread 0x0000017d7e9fad80 Exception <a 'java/lang/ClassNotFoundException'{0x0000000089febf00}: build_9zobyy9fhpye752k8xg7nzjlgBeanInfo> (0x0000000089febf00) 
thrown [s\src\hotspot\share\classfile\systemDictionary.cpp, line 256]
Event: 68.705 Thread 0x0000017d7e9fad80 Exception <a 'java/lang/ClassNotFoundException'{0x0000000089ff3220}: build_9zobyy9fhpye752k8xg7nzjlgCustomizer> (0x0000000089ff3220) 
thrown [s\src\hotspot\share\classfile\systemDictionary.cpp, line 256]
Event: 68.732 Thread 0x0000017d7e9fad80 Exception <a 'java/lang/ClassNotFoundException'{0x0000000089eefca8}: build_9zobyy9fhpye752k8xg7nzjlgBeanInfo> (0x0000000089eefca8) 
thrown [s\src\hotspot\share\classfile\systemDictionary.cpp, line 256]
Event: 68.732 Thread 0x0000017d7e9fad80 Exception <a 'java/lang/ClassNotFoundException'{0x0000000089ef6f30}: build_9zobyy9fhpye752k8xg7nzjlgCustomizer> (0x0000000089ef6f30) 
thrown [s\src\hotspot\share\classfile\systemDictionary.cpp, line 256]
Event: 68.848 Thread 0x0000017d7e9fad80 Exception <a 'java/lang/ClassNotFoundException'{0x0000000089bc9c90}: java/lang/IntegerBeanInfo> (0x0000000089bc9c90) 
thrown [s\src\hotspot\share\classfile\systemDictionary.cpp, line 256]
Event: 68.849 Thread 0x0000017d7e9fad80 Exception <a 'java/lang/ClassNotFoundException'{0x0000000089bd2a18}: java/lang/NumberBeanInfo> (0x0000000089bd2a18) 
thrown [s\src\hotspot\share\classfile\systemDictionary.cpp, line 256]
Event: 68.850 Thread 0x0000017d7e9fad80 Exception <a 'java/lang/ClassNotFoundException'{0x0000000089bdb798}: java/lang/NumberCustomizer> (0x0000000089bdb798) 
thrown [s\src\hotspot\share\classfile\systemDictionary.cpp, line 256]
Event: 68.850 Thread 0x0000017d7e9fad80 Exception <a 'java/lang/ClassNotFoundException'{0x0000000089be65a0}: java/lang/IntegerCustomizer> (0x0000000089be65a0) 
thrown [s\src\hotspot\share\classfile\systemDictionary.cpp, line 256]
Event: 68.861 Thread 0x0000017d7e9fad80 Exception <a 'java/lang/ClassNotFoundException'{0x0000000089a3b740}: build_9zobyy9fhpye752k8xg7nzjlg$_run_closure1BeanInfo> (0x0000000089a3b740) 
thrown [s\src\hotspot\share\classfile\systemDictionary.cpp, line 256]
Event: 68.864 Thread 0x0000017d7e9fad80 Exception <a 'java/lang/ClassNotFoundException'{0x0000000089a47088}: build_9zobyy9fhpye752k8xg7nzjlg$_run_closure1Customizer> (0x0000000089a47088) 
thrown [s\src\hotspot\share\classfile\systemDictionary.cpp, line 256]
Event: 68.918 Thread 0x0000017d7e9fad80 Exception <a 'java/lang/ClassNotFoundException'{0x000000008995adf8}: com/android/build/gradle/internal/dsl/LintOptions_DecoratedBeanInfo> (0x000000008995adf8) 
thrown [s\src\hotspot\share\classfile\systemDictionary.cpp, line 256]
Event: 68.920 Thread 0x0000017d7e9fad80 Exception <a 'java/lang/ClassNotFoundException'{0x000000008996aa98}: com/android/build/gradle/internal/dsl/LintOptionsBeanInfo> (0x000000008996aa98) 
thrown [s\src\hotspot\share\classfile\systemDictionary.cpp, line 256]
Event: 68.922 Thread 0x0000017d7e9fad80 Exception <a 'java/lang/ClassNotFoundException'{0x000000008997a728}: com/android/build/gradle/internal/dsl/LintOptionsCustomizer> (0x000000008997a728) 
thrown [s\src\hotspot\share\classfile\systemDictionary.cpp, line 256]
Event: 68.931 Thread 0x0000017d7e9fad80 Exception <a 'java/lang/ClassNotFoundException'{0x00000000899c6d68}: com/android/build/gradle/internal/dsl/LintOptions_DecoratedCustomizer> (0x00000000899c6d68) 
thrown [s\src\hotspot\share\classfile\systemDictionary.cpp, line 256]
Event: 69.449 Thread 0x0000017d7e9fad80 Exception <a 'java/lang/ClassNotFoundException'{0x0000000089376a58}: build_3bdbzhr68m2vdt5o1v9wgi4wnBeanInfo> (0x0000000089376a58) 
thrown [s\src\hotspot\share\classfile\systemDictionary.cpp, line 256]
Event: 69.450 Thread 0x0000017d7e9fad80 Exception <a 'java/lang/ClassNotFoundException'{0x000000008937dd78}: build_3bdbzhr68m2vdt5o1v9wgi4wnCustomizer> (0x000000008937dd78) 
thrown [s\src\hotspot\share\classfile\systemDictionary.cpp, line 256]

VM Operations (20 events):
Event: 66.296 Executing VM operation: G1CollectForAllocation
Event: 66.301 Executing VM operation: G1CollectForAllocation done
Event: 67.228 Executing VM operation: ICBufferFull
Event: 67.229 Executing VM operation: ICBufferFull done
Event: 67.289 Executing VM operation: G1CollectForAllocation
Event: 67.299 Executing VM operation: G1CollectForAllocation done
Event: 67.821 Executing VM operation: HandshakeAllThreads
Event: 67.821 Executing VM operation: HandshakeAllThreads done
Event: 68.121 Executing VM operation: G1CollectForAllocation
Event: 68.142 Executing VM operation: G1CollectForAllocation done
Event: 69.055 Executing VM operation: HandshakeAllThreads
Event: 69.055 Executing VM operation: HandshakeAllThreads done
Event: 69.476 Executing VM operation: HandshakeAllThreads
Event: 69.482 Executing VM operation: HandshakeAllThreads done
Event: 69.482 Executing VM operation: Cleanup
Event: 69.482 Executing VM operation: Cleanup done
Event: 69.720 Executing VM operation: G1CollectForAllocation
Event: 69.744 Executing VM operation: G1CollectForAllocation done
Event: 70.318 Executing VM operation: G1CollectForAllocation
Event: 70.333 Executing VM operation: G1CollectForAllocation done

Events (20 events):
Event: 69.231 loading class com/sun/org/apache/xerces/internal/impl/Constants done
Event: 69.231 loading class com/sun/org/apache/xerces/internal/impl/Constants$ArrayEnumeration
Event: 69.231 loading class com/sun/org/apache/xerces/internal/impl/Constants$ArrayEnumeration done
Event: 69.232 loading class com/sun/org/apache/xerces/internal/impl/io/MalformedByteSequenceException
Event: 69.232 loading class java/io/CharConversionException
Event: 69.232 loading class java/io/CharConversionException done
Event: 69.232 loading class com/sun/org/apache/xerces/internal/impl/io/MalformedByteSequenceException done
Event: 69.233 loading class com/sun/org/apache/xerces/internal/dom/DeepNodeListImpl
Event: 69.233 loading class com/sun/org/apache/xerces/internal/dom/DeepNodeListImpl done
Event: 69.233 loading class com/sun/org/apache/xerces/internal/dom/DeferredElementImpl
Event: 69.234 loading class com/sun/org/apache/xerces/internal/dom/DeferredElementImpl done
Event: 69.234 loading class com/sun/org/apache/xerces/internal/dom/AttributeMap
Event: 69.235 loading class com/sun/org/apache/xerces/internal/dom/NamedNodeMapImpl
Event: 69.236 loading class com/sun/org/apache/xerces/internal/dom/NamedNodeMapImpl done
Event: 69.236 loading class com/sun/org/apache/xerces/internal/dom/AttributeMap done
Event: 69.236 loading class com/sun/org/apache/xerces/internal/dom/DeferredAttrImpl
Event: 69.236 loading class com/sun/org/apache/xerces/internal/dom/AttrImpl
Event: 69.237 loading class com/sun/org/apache/xerces/internal/dom/AttrImpl done
Event: 69.237 loading class com/sun/org/apache/xerces/internal/dom/DeferredAttrImpl done
Event: 69.491 Thread 0x0000017d78e49930 flushing nmethod 0x0000017d6319d990


Dynamic libraries:
0x00007ff6fd0e0000 - 0x00007ff6fd0ee000 	C:\Program Files\Microsoft\jdk-17.0.8.7-hotspot\bin\java.exe
0x00007ffca4750000 - 0x00007ffca4948000 	C:\Windows\SYSTEM32\ntdll.dll
0x00007ffca3210000 - 0x00007ffca32d2000 	C:\Windows\System32\KERNEL32.DLL
0x00007ffca1fa0000 - 0x00007ffca229e000 	C:\Windows\System32\KERNELBASE.dll
0x00007ffca1ea0000 - 0x00007ffca1fa0000 	C:\Windows\System32\ucrtbase.dll
0x00007ffc99310000 - 0x00007ffc99327000 	C:\Program Files\Microsoft\jdk-17.0.8.7-hotspot\bin\jli.dll
0x00007ffc99330000 - 0x00007ffc9934b000 	C:\Program Files\Microsoft\jdk-17.0.8.7-hotspot\bin\VCRUNTIME140.dll
0x00007ffca2dd0000 - 0x00007ffca2f6d000 	C:\Windows\System32\USER32.dll
0x00007ffc8d3c0000 - 0x00007ffc8d65a000 	C:\Windows\WinSxS\amd64_microsoft.windows.common-controls_6595b64144ccf1df_6.0.19041.4355_none_60b8b9eb71f62e16\COMCTL32.dll
0x00007ffca2550000 - 0x00007ffca2572000 	C:\Windows\System32\win32u.dll
0x00007ffca45a0000 - 0x00007ffca463e000 	C:\Windows\System32\msvcrt.dll
0x00007ffca2770000 - 0x00007ffca279b000 	C:\Windows\System32\GDI32.dll
0x00007ffca23c0000 - 0x00007ffca24d7000 	C:\Windows\System32\gdi32full.dll
0x00007ffca22a0000 - 0x00007ffca233d000 	C:\Windows\System32\msvcp_win.dll
0x00007ffca3730000 - 0x00007ffca375f000 	C:\Windows\System32\IMM32.DLL
0x00007ffc99600000 - 0x00007ffc9960c000 	C:\Program Files\Microsoft\jdk-17.0.8.7-hotspot\bin\vcruntime140_1.dll
0x00007ffc86490000 - 0x00007ffc8651d000 	C:\Program Files\Microsoft\jdk-17.0.8.7-hotspot\bin\msvcp140.dll
0x00007ffc3ea20000 - 0x00007ffc3f685000 	C:\Program Files\Microsoft\jdk-17.0.8.7-hotspot\bin\server\jvm.dll
0x00007ffca35b0000 - 0x00007ffca3662000 	C:\Windows\System32\ADVAPI32.dll
0x00007ffca30f0000 - 0x00007ffca3190000 	C:\Windows\System32\sechost.dll
0x00007ffca2bd0000 - 0x00007ffca2cf3000 	C:\Windows\System32\RPCRT4.dll
0x00007ffca2340000 - 0x00007ffca2367000 	C:\Windows\System32\bcrypt.dll
0x00007ffca1ba0000 - 0x00007ffca1beb000 	C:\Windows\SYSTEM32\POWRPROF.dll
0x00007ffc8cd50000 - 0x00007ffc8cd77000 	C:\Windows\SYSTEM32\WINMM.dll
0x00007ffc94120000 - 0x00007ffc9412a000 	C:\Windows\SYSTEM32\VERSION.dll
0x00007ffc97ee0000 - 0x00007ffc97ee9000 	C:\Windows\SYSTEM32\WSOCK32.dll
0x00007ffca2d60000 - 0x00007ffca2dcb000 	C:\Windows\System32\WS2_32.dll
0x00007ffca1b10000 - 0x00007ffca1b22000 	C:\Windows\SYSTEM32\UMPDC.dll
0x00007ffca0620000 - 0x00007ffca0632000 	C:\Windows\SYSTEM32\kernel.appcore.dll
0x00007ffc93f40000 - 0x00007ffc93f4a000 	C:\Program Files\Microsoft\jdk-17.0.8.7-hotspot\bin\jimage.dll
0x00007ffca03c0000 - 0x00007ffca05a4000 	C:\Windows\SYSTEM32\DBGHELP.DLL
0x00007ffc89410000 - 0x00007ffc89444000 	C:\Windows\SYSTEM32\dbgcore.DLL
0x00007ffca2580000 - 0x00007ffca2602000 	C:\Windows\System32\bcryptPrimitives.dll
0x00007ffc8d270000 - 0x00007ffc8d27e000 	C:\Program Files\Microsoft\jdk-17.0.8.7-hotspot\bin\instrument.dll
0x00007ffc93f10000 - 0x00007ffc93f35000 	C:\Program Files\Microsoft\jdk-17.0.8.7-hotspot\bin\java.dll
0x00007ffc86350000 - 0x00007ffc86427000 	C:\Program Files\Microsoft\jdk-17.0.8.7-hotspot\bin\jsvml.dll
0x00007ffca39b0000 - 0x00007ffca411f000 	C:\Windows\System32\SHELL32.dll
0x00007ffc9fb40000 - 0x00007ffca02e4000 	C:\Windows\SYSTEM32\windows.storage.dll
0x00007ffca27a0000 - 0x00007ffca2af3000 	C:\Windows\System32\combase.dll
0x00007ffca1670000 - 0x00007ffca169e000 	C:\Windows\SYSTEM32\Wldp.dll
0x00007ffca2b00000 - 0x00007ffca2bcd000 	C:\Windows\System32\OLEAUT32.dll
0x00007ffca37d0000 - 0x00007ffca387d000 	C:\Windows\System32\SHCORE.dll
0x00007ffca2d00000 - 0x00007ffca2d55000 	C:\Windows\System32\shlwapi.dll
0x00007ffca1d20000 - 0x00007ffca1d44000 	C:\Windows\SYSTEM32\profapi.dll
0x00007ffc90810000 - 0x00007ffc90828000 	C:\Program Files\Microsoft\jdk-17.0.8.7-hotspot\bin\zip.dll
0x00007ffc93ef0000 - 0x00007ffc93f09000 	C:\Program Files\Microsoft\jdk-17.0.8.7-hotspot\bin\net.dll
0x00007ffc94880000 - 0x00007ffc9498d000 	C:\Windows\SYSTEM32\WINHTTP.dll
0x00007ffca1450000 - 0x00007ffca14ba000 	C:\Windows\system32\mswsock.dll
0x00007ffc91880000 - 0x00007ffc91896000 	C:\Program Files\Microsoft\jdk-17.0.8.7-hotspot\bin\nio.dll
0x00007ffc93e00000 - 0x00007ffc93e10000 	C:\Program Files\Microsoft\jdk-17.0.8.7-hotspot\bin\verify.dll
0x00007ffc8a8f0000 - 0x00007ffc8a917000 	C:\Users\Itoasis\.gradle\native\c067742578af261105cb4f569cf0c3c89f3d7b1fecec35dd04571415982c5e48\windows-amd64\native-platform.dll
0x00007ffc79410000 - 0x00007ffc79554000 	C:\Users\Itoasis\.gradle\native\100fb08df4bc3b14c8652ba06237920a3bd2aa13389f12d3474272988ae205f9\windows-amd64\native-platform-file-events.dll
0x00007ffc907f0000 - 0x00007ffc907f9000 	C:\Program Files\Microsoft\jdk-17.0.8.7-hotspot\bin\management.dll
0x00007ffc901c0000 - 0x00007ffc901cb000 	C:\Program Files\Microsoft\jdk-17.0.8.7-hotspot\bin\management_ext.dll
0x00007ffca4120000 - 0x00007ffca4128000 	C:\Windows\System32\PSAPI.DLL
0x00007ffca16b0000 - 0x00007ffca16c8000 	C:\Windows\SYSTEM32\CRYPTSP.dll
0x00007ffca0d90000 - 0x00007ffca0dc4000 	C:\Windows\system32\rsaenh.dll
0x00007ffca1ce0000 - 0x00007ffca1d0e000 	C:\Windows\SYSTEM32\USERENV.dll
0x00007ffca15e0000 - 0x00007ffca15ec000 	C:\Windows\SYSTEM32\CRYPTBASE.dll
0x00007ffca1150000 - 0x00007ffca118b000 	C:\Windows\SYSTEM32\IPHLPAPI.DLL
0x00007ffca37c0000 - 0x00007ffca37c8000 	C:\Windows\System32\NSI.dll
0x00007ffc9ab40000 - 0x00007ffc9ab57000 	C:\Windows\SYSTEM32\dhcpcsvc6.DLL
0x00007ffc9aff0000 - 0x00007ffc9b00d000 	C:\Windows\SYSTEM32\dhcpcsvc.DLL
0x00007ffca1190000 - 0x00007ffca125a000 	C:\Windows\SYSTEM32\DNSAPI.dll
0x00007ffc8cff0000 - 0x00007ffc8cffe000 	C:\Program Files\Microsoft\jdk-17.0.8.7-hotspot\bin\sunmscapi.dll
0x00007ffca2610000 - 0x00007ffca276c000 	C:\Windows\System32\CRYPT32.dll
0x00007ffca1820000 - 0x00007ffca1847000 	C:\Windows\SYSTEM32\ncrypt.dll
0x00007ffca17e0000 - 0x00007ffca181b000 	C:\Windows\SYSTEM32\NTASN1.dll
0x00007ffc83000000 - 0x00007ffc83007000 	C:\Windows\system32\wshunix.dll
0x00007ffc8a7d0000 - 0x00007ffc8a7e7000 	C:\Windows\system32\napinsp.dll
0x00007ffc89390000 - 0x00007ffc893ab000 	C:\Windows\system32\pnrpnsp.dll
0x00007ffc9d120000 - 0x00007ffc9d135000 	C:\Windows\system32\wshbth.dll
0x00007ffc9d5b0000 - 0x00007ffc9d5cd000 	C:\Windows\system32\NLAapi.dll
0x00007ffc89350000 - 0x00007ffc89362000 	C:\Windows\System32\winrnr.dll
0x00007ffc923a0000 - 0x00007ffc923aa000 	C:\Windows\System32\rasadhlp.dll
0x00007ffc946b0000 - 0x00007ffc94730000 	C:\Windows\System32\fwpuclnt.dll

dbghelp: loaded successfully - version: 4.0.5 - missing functions: none
symbol engine: initialized successfully - sym options: 0x614 - pdb path: .;C:\Program Files\Microsoft\jdk-17.0.8.7-hotspot\bin;C:\Windows\SYSTEM32;C:\Windows\WinSxS\amd64_microsoft.windows.common-controls_6595b64144ccf1df_6.0.19041.4355_none_60b8b9eb71f62e16;C:\Program Files\Microsoft\jdk-17.0.8.7-hotspot\bin\server;C:\Users\Itoasis\.gradle\native\c067742578af261105cb4f569cf0c3c89f3d7b1fecec35dd04571415982c5e48\windows-amd64;C:\Users\Itoasis\.gradle\native\100fb08df4bc3b14c8652ba06237920a3bd2aa13389f12d3474272988ae205f9\windows-amd64

VM Arguments:
jvm_args: -XX:MaxMetaspaceSize=512m --add-opens=java.base/java.util=ALL-UNNAMED --add-opens=java.base/java.lang=ALL-UNNAMED --add-opens=java.base/java.lang.invoke=ALL-UNNAMED --add-opens=java.prefs/java.util.prefs=ALL-UNNAMED --add-opens=java.base/java.nio.charset=ALL-UNNAMED --add-opens=java.base/java.net=ALL-UNNAMED --add-opens=java.base/java.util.concurrent.atomic=ALL-UNNAMED -Xmx2048m -Dfile.encoding=windows-1252 -Duser.country=US -Duser.language=en -Duser.variant -javaagent:C:\Users\Itoasis\.gradle\wrapper\dists\gradle-8.8-all\6gdy1pgp427xkqcjbxw3ylt6h\gradle-8.8\lib\agents\gradle-instrumentation-agent-8.8.jar 
java_command: org.gradle.launcher.daemon.bootstrap.GradleDaemon 8.8
java_class_path (initial): C:\Users\Itoasis\.gradle\wrapper\dists\gradle-8.8-all\6gdy1pgp427xkqcjbxw3ylt6h\gradle-8.8\lib\gradle-launcher-8.8.jar
Launcher Type: SUN_STANDARD

[Global flags]
     intx CICompilerCount                          = 3                                         {product} {ergonomic}
   size_t CompressedClassSpaceSize                 = 436207616                                 {product} {ergonomic}
     uint ConcGCThreads                            = 1                                         {product} {ergonomic}
     uint G1ConcRefinementThreads                  = 4                                         {product} {ergonomic}
   size_t G1HeapRegionSize                         = 1048576                                   {product} {ergonomic}
    uintx GCDrainStackTargetSize                   = 64                                        {product} {ergonomic}
   size_t InitialHeapSize                          = 134217728                                 {product} {ergonomic}
   size_t MarkStackSize                            = 4194304                                   {product} {ergonomic}
   size_t MaxHeapSize                              = 2147483648                                {product} {command line}
   size_t MaxMetaspaceSize                         = 536870912                                 {product} {command line}
   size_t MaxNewSize                               = 1287651328                                {product} {ergonomic}
   size_t MinHeapDeltaBytes                        = 1048576                                   {product} {ergonomic}
   size_t MinHeapSize                              = 8388608                                   {product} {ergonomic}
    uintx NonNMethodCodeHeapSize                   = 5832780                                {pd product} {ergonomic}
    uintx NonProfiledCodeHeapSize                  = 122912730                              {pd product} {ergonomic}
    uintx ProfiledCodeHeapSize                     = 122912730                              {pd product} {ergonomic}
    uintx ReservedCodeCacheSize                    = 251658240                              {pd product} {ergonomic}
     bool SegmentedCodeCache                       = true                                      {product} {ergonomic}
   size_t SoftMaxHeapSize                          = 2147483648                             {manageable} {ergonomic}
     bool UseCompressedClassPointers               = true                           {product lp64_product} {ergonomic}
     bool UseCompressedOops                        = true                           {product lp64_product} {ergonomic}
     bool UseG1GC                                  = true                                      {product} {ergonomic}
     bool UseLargePagesIndividualAllocation        = false                                  {pd product} {ergonomic}

Logging:
Log output configuration:
 #0: stdout all=warning uptime,level,tags
 #1: stderr all=off uptime,level,tags

Environment Variables:
JAVA_HOME=C:\Program Files\Microsoft\jdk-17.0.8.7-hotspot\
CLASSPATH=D:\Github\UKSica\android\\gradle\wrapper\gradle-wrapper.jar
PATH=D:\Github\UKSica\node_modules\.bin;D:\Github\node_modules\.bin;D:\node_modules\.bin;C:\Users\Itoasis\AppData\Roaming\npm\node_modules\npm\node_modules\@npmcli\run-script\lib\node-gyp-bin;C:\Program Files\Microsoft\jdk-17.0.8.7-hotspot\bin;C:\Windows\system32;C:\Windows;C:\Windows\System32\Wbem;C:\Windows\System32\WindowsPowerShell\v1.0\;C:\Windows\System32\OpenSSH\;C:\ProgramData\chocolatey\bin;C:\Program Files\nodejs\;C:\Users\Itoasis\AppData\Local\Android\Sdk\platform-tools;C:\Program Files\Git\cmd;C:\Users\Itoasis\AppData\Local\Microsoft\WindowsApps;C:\Users\Itoasis\AppData\Roaming\npm;C:\Users\Itoasis\AppData\Local\Programs\Microsoft VS Code\bin;C:\Users\Itoasis\AppData\Local\GitHubDesktop\bin
USERNAME=Itoasis
LANG=en_US.UTF-8
OS=Windows_NT
PROCESSOR_IDENTIFIER=Intel64 Family 6 Model 78 Stepping 3, GenuineIntel
TMP=C:\Users\Itoasis\AppData\Local\Temp
TEMP=C:\Users\Itoasis\AppData\Local\Temp



---------------  S Y S T E M  ---------------

OS:
 Windows 10 , 64 bit Build 19041 (10.0.19041.4957)
OS uptime: 7 days 5:46 hours
Hyper-V role detected

CPU: total 4 (initial active 4) (2 cores per cpu, 2 threads per core) family 6 model 78 stepping 3 microcode 0xcc, cx8, cmov, fxsr, ht, mmx, 3dnowpref, sse, sse2, sse3, ssse3, sse4.1, sse4.2, popcnt, lzcnt, tsc, tscinvbit, avx, avx2, aes, erms, clmul, bmi1, bmi2, adx, fma, vzeroupper, clflush, clflushopt, hv
Processor Information for all 4 processors :
  Max Mhz: 2401, Current Mhz: 2401, Mhz Limit: 2401

Memory: 4k page, system-wide physical 8095M (1236M free)
TotalPageFile size 14106M (AvailPageFile size 4494M)
current process WorkingSet (physical memory assigned to process): 469M, peak: 473M
current process commit charge ("private bytes"): 539M, peak: 541M

vm_info: OpenJDK 64-Bit Server VM (17.0.8+7-LTS) for windows-amd64 JRE (17.0.8+7-LTS), built on Jul  7 2023 17:21:55 by "MicrosoftCorporation" with MS VC++ 16.10 / 16.11 (VS2019)

END.
